2023-04-20 Thursday 00:26:10  run.py : INFO  as seed0 begin
2023-04-19 Wednesday 12:34:16  run.py : INFO  as seed0 begin
2023-04-19 Wednesday 12:34:28  run.py : INFO  as seed0 finish
2023-04-19 Wednesday 12:34:28  run.py : INFO  as seed1 begin
2023-04-19 Wednesday 12:34:29  run.py : INFO  as seed1 finish
2023-04-19 Wednesday 12:34:29  run.py : INFO  as seed2 begin
2023-04-19 Wednesday 12:34:30  run.py : INFO  as seed2 finish
2023-04-19 Wednesday 12:34:30  run.py : INFO  as seed3 begin
2023-04-19 Wednesday 12:34:30  run.py : INFO  as seed3 finish
2023-04-19 Wednesday 12:34:30  run.py : INFO  as seed4 begin
2023-04-19 Wednesday 12:34:31  run.py : INFO  as seed4 finish
2023-04-19 Wednesday 12:34:31  run.py : INFO  as seed5 begin
2023-04-19 Wednesday 12:34:31  run.py : INFO  as seed5 finish
2023-04-19 Wednesday 12:34:31  run.py : INFO  as seed6 begin
2023-04-19 Wednesday 12:34:31  run.py : INFO  as seed6 finish
2023-04-19 Wednesday 12:34:31  run.py : INFO  as seed7 begin
2023-04-19 Wednesday 12:34:32  run.py : INFO  as seed7 finish
2023-04-19 Wednesday 12:34:32  run.py : INFO  as seed8 begin
2023-04-19 Wednesday 12:34:32  run.py : INFO  as seed8 finish
2023-04-19 Wednesday 12:34:32  run.py : INFO  as seed9 begin
2023-04-19 Wednesday 12:34:32  run.py : INFO  as seed9 finish
2023-04-19 Wednesday 12:35:44  run.py : INFO  as seed0 begin
2023-04-19 Wednesday 12:36:32  run.py : INFO  as seed0 begin
2023-04-19 Wednesday 14:32:33  run.py : INFO  as seed0 finish
2023-04-19 Wednesday 14:32:33  run.py : INFO  as seed1 begin
2023-04-19 Wednesday 17:09:29  run.py : INFO  as seed1 finish
2023-04-19 Wednesday 17:09:29  run.py : INFO  as seed2 begin
2023-04-19 Wednesday 19:44:32  run.py : INFO  as seed2 finish
2023-04-19 Wednesday 19:44:32  run.py : INFO  as seed3 begin
2023-04-19 Wednesday 21:45:39  run.py : INFO  as seed3 finish
2023-04-19 Wednesday 21:45:39  run.py : INFO  as seed4 begin
2023-04-20 Thursday 00:07:45  run.py : INFO  as seed4 finish
2023-04-20 Thursday 00:07:45  run.py : INFO  as seed5 begin
2023-04-20 Thursday 00:33:35  run.py : INFO  as seed0 finish
2023-04-20 Thursday 00:33:35  run.py : INFO  as seed1 begin
2023-04-20 Thursday 02:16:57  run.py : INFO  as seed5 finish
2023-04-20 Thursday 02:16:57  run.py : INFO  as seed6 begin
2023-04-20 Thursday 02:18:08  run.py : INFO  as seed6 finish
2023-04-20 Thursday 02:18:08  run.py : INFO  as seed7 begin
2023-04-20 Thursday 02:18:09  run.py : INFO  as seed7 finish
2023-04-20 Thursday 02:18:09  run.py : INFO  as seed8 begin
2023-04-20 Thursday 02:18:09  run.py : INFO  as seed8 finish
2023-04-20 Thursday 02:18:09  run.py : INFO  as seed9 begin
2023-04-20 Thursday 02:18:10  run.py : INFO  as seed9 finish
2023-04-20 Thursday 02:18:20  run.py : INFO  as seed1 finish
2023-04-20 Thursday 02:18:20  run.py : INFO  as seed2 begin
2023-04-20 Thursday 02:18:21  run.py : INFO  as seed2 finish
2023-04-20 Thursday 02:18:21  run.py : INFO  as seed3 begin
2023-04-20 Thursday 02:18:21  run.py : INFO  as seed3 finish
2023-04-20 Thursday 02:18:21  run.py : INFO  as seed4 begin
2023-04-20 Thursday 02:18:21  run.py : INFO  as seed4 finish
2023-04-20 Thursday 02:18:21  run.py : INFO  as seed5 begin
2023-04-20 Thursday 02:18:21  run.py : INFO  as seed5 finish
2023-04-20 Thursday 02:18:21  run.py : INFO  as seed6 begin
2023-04-20 Thursday 02:18:21  run.py : INFO  as seed6 finish
2023-04-20 Thursday 02:18:21  run.py : INFO  as seed7 begin
2023-04-20 Thursday 02:18:22  run.py : INFO  as seed7 finish
2023-04-20 Thursday 02:18:22  run.py : INFO  as seed8 begin
2023-04-20 Thursday 02:18:22  run.py : INFO  as seed8 finish
2023-04-20 Thursday 02:18:22  run.py : INFO  as seed9 begin
2023-04-20 Thursday 02:18:22  run.py : INFO  as seed9 finish
2023-04-20 Thursday 02:22:47  run.py : INFO  as seed0 begin
2023-04-20 Thursday 02:23:27  run.py : INFO  as seed0 begin
2023-04-20 Thursday 02:23:58  run.py : INFO  as seed0 begin
2023-04-20 Thursday 04:31:33  run.py : INFO  as seed0 finish
2023-04-20 Thursday 04:31:33  run.py : INFO  as seed1 begin
2023-04-20 Thursday 05:37:47  run.py : INFO  as seed0 finish
2023-04-20 Thursday 05:37:47  run.py : INFO  as seed1 begin
2023-04-20 Thursday 09:50:09  run.py : INFO  as seed1 finish
2023-04-20 Thursday 09:50:09  run.py : INFO  as seed2 begin
2023-04-20 Thursday 10:55:41  run.py : INFO  as seed2 finish
2023-04-20 Thursday 10:55:41  run.py : INFO  as seed3 begin
2023-04-20 Thursday 11:27:57  run.py : INFO  as seed1 finish
2023-04-20 Thursday 11:27:57  run.py : INFO  as seed2 begin
2023-04-20 Thursday 11:40:12  run.py : INFO  as seed0 finish
2023-04-20 Thursday 11:40:12  run.py : INFO  as seed1 begin
2023-04-20 Thursday 12:14:38  run.py : INFO  as seed3 finish
2023-04-20 Thursday 12:14:38  run.py : INFO  as seed4 begin
2023-04-20 Thursday 12:58:27  run.py : INFO  as seed4 finish
2023-04-20 Thursday 12:58:27  run.py : INFO  as seed5 begin
2023-04-20 Thursday 13:00:32  run.py : INFO  as seed2 finish
2023-04-20 Thursday 13:00:32  run.py : INFO  as seed3 begin
2023-04-20 Thursday 13:44:22  run.py : INFO  as seed5 finish
2023-04-20 Thursday 13:44:22  run.py : INFO  as seed6 begin
2023-04-20 Thursday 14:18:06  run.py : INFO  as seed3 finish
2023-04-20 Thursday 14:18:06  run.py : INFO  as seed4 begin
2023-04-20 Thursday 15:03:22  run.py : INFO  as seed6 finish
2023-04-20 Thursday 15:03:22  run.py : INFO  as seed7 begin
2023-04-20 Thursday 15:34:16  run.py : INFO  as seed1 finish
2023-04-20 Thursday 15:34:16  run.py : INFO  as seed2 begin
2023-04-20 Thursday 15:55:28  run.py : INFO  as seed4 finish
2023-04-20 Thursday 15:55:28  run.py : INFO  as seed5 begin
2023-04-20 Thursday 16:22:18  run.py : INFO  as seed7 finish
2023-04-20 Thursday 16:22:18  run.py : INFO  as seed8 begin
2023-04-20 Thursday 17:05:46  run.py : INFO  as seed8 finish
2023-04-20 Thursday 17:05:46  run.py : INFO  as seed9 begin
2023-04-20 Thursday 17:56:36  run.py : INFO  as seed5 finish
2023-04-20 Thursday 17:56:36  run.py : INFO  as seed6 begin
2023-04-20 Thursday 18:01:09  run.py : INFO  as seed9 finish
2023-04-20 Thursday 20:02:57  run.py : INFO  as seed6 finish
2023-04-20 Thursday 20:02:57  run.py : INFO  as seed7 begin
2023-04-20 Thursday 21:39:26  run.py : INFO  as seed7 finish
2023-04-20 Thursday 21:39:26  run.py : INFO  as seed8 begin
2023-04-20 Thursday 23:12:06  run.py : INFO  as seed8 finish
2023-04-20 Thursday 23:12:06  run.py : INFO  as seed9 begin
2023-04-21 Friday 00:38:38  run.py : INFO  as seed9 finish
2023-04-21 Friday 00:49:16  run.py : INFO  as seed2 finish
2023-04-21 Friday 00:49:16  run.py : INFO  as seed3 begin
2023-04-21 Friday 02:21:05  run.py : INFO  as seed3 finish
2023-04-21 Friday 02:21:05  run.py : INFO  as seed4 begin
2023-04-21 Friday 03:08:29  run.py : INFO  as seed4 finish
2023-04-21 Friday 03:08:29  run.py : INFO  as seed5 begin
2023-04-21 Friday 07:08:49  run.py : INFO  as seed5 finish
2023-04-21 Friday 07:08:49  run.py : INFO  as seed6 begin
2023-04-21 Friday 12:26:46  run.py : INFO  as seed6 finish
2023-04-21 Friday 12:26:46  run.py : INFO  as seed7 begin
2023-04-21 Friday 19:41:38  run.py : INFO  as seed7 finish
2023-04-21 Friday 19:41:38  run.py : INFO  as seed8 begin
2023-04-22 Saturday 06:54:00  run.py : INFO  as seed8 finish
2023-04-22 Saturday 06:54:00  run.py : INFO  as seed9 begin
2023-04-22 Saturday 10:36:37  run.py : INFO  as seed9 finish
2023-05-05 Friday 10:02:22  run.py : INFO  as seed0 begin
2023-05-05 Friday 10:11:36  run.py : INFO  as seed0 finish
2023-05-05 Friday 10:11:36  run.py : INFO  as seed1 begin
2023-05-05 Friday 10:11:36  run.py : INFO  as seed1 finish
2023-05-05 Friday 10:11:36  run.py : INFO  as seed2 begin
2023-05-05 Friday 10:11:36  run.py : INFO  as seed2 finish
2023-05-05 Friday 10:11:36  run.py : INFO  as seed3 begin
2023-05-05 Friday 10:11:36  run.py : INFO  as seed3 finish
2023-05-05 Friday 10:11:36  run.py : INFO  as seed4 begin
2023-05-05 Friday 10:11:36  run.py : INFO  as seed4 finish
2023-05-06 Saturday 07:18:48  run.py : INFO  as seed0 begin
2023-05-06 Saturday 07:20:05  run.py : INFO  as seed0 begin
2023-05-06 Saturday 07:22:39  run.py : INFO  as seed0 finish
2023-05-06 Saturday 07:22:39  run.py : INFO  as seed1 begin
2023-05-06 Saturday 07:22:39  run.py : INFO  as seed1 finish
2023-05-06 Saturday 07:22:39  run.py : INFO  as seed2 begin
2023-05-06 Saturday 07:22:39  run.py : INFO  as seed2 finish
2023-05-06 Saturday 07:22:39  run.py : INFO  as seed3 begin
2023-05-06 Saturday 07:22:40  run.py : INFO  as seed3 finish
2023-05-06 Saturday 07:22:40  run.py : INFO  as seed4 begin
2023-05-06 Saturday 07:22:40  run.py : INFO  as seed4 finish
2023-05-06 Saturday 07:23:10  run.py : INFO  as seed0 finish
2023-05-06 Saturday 07:23:10  run.py : INFO  as seed1 begin
2023-05-06 Saturday 07:24:44  run.py : INFO  as seed0 begin
2023-05-06 Saturday 07:26:16  run.py : INFO  as seed1 finish
2023-05-06 Saturday 07:26:16  run.py : INFO  as seed2 begin
2023-05-06 Saturday 07:27:01  run.py : INFO  as seed0 finish
2023-05-06 Saturday 07:27:01  run.py : INFO  as seed1 begin
2023-05-06 Saturday 07:29:41  run.py : INFO  as seed1 finish
2023-05-06 Saturday 07:29:41  run.py : INFO  as seed2 begin
2023-05-06 Saturday 07:29:41  run.py : INFO  as seed2 finish
2023-05-06 Saturday 07:29:41  run.py : INFO  as seed3 begin
2023-05-06 Saturday 07:29:41  run.py : INFO  as seed3 finish
2023-05-06 Saturday 07:29:41  run.py : INFO  as seed4 begin
2023-05-06 Saturday 07:29:41  run.py : INFO  as seed4 finish
2023-05-06 Saturday 07:29:49  run.py : INFO  as seed2 finish
2023-05-06 Saturday 07:29:49  run.py : INFO  as seed3 begin
2023-05-06 Saturday 07:30:02  run.py : INFO  as seed0 begin
2023-05-06 Saturday 07:32:18  run.py : INFO  as seed0 finish
2023-05-06 Saturday 07:32:18  run.py : INFO  as seed1 begin
2023-05-06 Saturday 07:33:02  run.py : INFO  as seed3 finish
2023-05-06 Saturday 07:33:02  run.py : INFO  as seed4 begin
2023-05-06 Saturday 07:34:23  run.py : INFO  as seed1 finish
2023-05-06 Saturday 07:34:23  run.py : INFO  as seed2 begin
2023-05-06 Saturday 07:36:46  run.py : INFO  as seed4 finish
2023-05-06 Saturday 07:37:23  run.py : INFO  as seed2 finish
2023-05-06 Saturday 07:37:23  run.py : INFO  as seed3 begin
2023-05-06 Saturday 07:39:18  run.py : INFO  as seed3 finish
2023-05-06 Saturday 07:39:18  run.py : INFO  as seed4 begin
2023-05-06 Saturday 07:41:14  run.py : INFO  as seed4 finish
2023-05-06 Saturday 11:13:11  run.py : INFO  as seed0 begin
2023-05-06 Saturday 11:13:33  run.py : INFO  as seed0 begin
2023-05-06 Saturday 11:13:53  run.py : INFO  as seed0 begin
2023-05-06 Saturday 11:15:07  run.py : INFO  as seed0 finish
2023-05-06 Saturday 11:15:07  run.py : INFO  as seed1 begin
2023-05-06 Saturday 11:16:27  run.py : INFO  as seed0 begin
2023-05-06 Saturday 11:17:58  run.py : INFO  as seed1 finish
2023-05-06 Saturday 11:17:58  run.py : INFO  as seed2 begin
2023-05-06 Saturday 11:20:13  run.py : INFO  as seed0 finish
2023-05-06 Saturday 11:20:13  run.py : INFO  as seed1 begin
2023-05-06 Saturday 11:20:13  run.py : INFO  as seed0 begin
2023-05-06 Saturday 11:21:15  run.py : INFO  as seed2 finish
2023-05-06 Saturday 11:21:15  run.py : INFO  as seed3 begin
2023-05-06 Saturday 11:25:47  run.py : INFO  as seed3 finish
2023-05-06 Saturday 11:25:47  run.py : INFO  as seed4 begin
2023-05-06 Saturday 11:25:59  run.py : INFO  as seed1 finish
2023-05-06 Saturday 11:25:59  run.py : INFO  as seed2 begin
2023-05-06 Saturday 11:26:30  run.py : INFO  as seed0 finish
2023-05-06 Saturday 11:26:30  run.py : INFO  as seed1 begin
2023-05-06 Saturday 11:27:46  run.py : INFO  as seed4 finish
2023-05-06 Saturday 11:27:46  run.py : INFO  as seed5 begin
2023-05-06 Saturday 11:28:52  run.py : INFO  as seed2 finish
2023-05-06 Saturday 11:28:52  run.py : INFO  as seed3 begin
2023-05-06 Saturday 11:29:47  run.py : INFO  as seed5 finish
2023-05-06 Saturday 11:29:47  run.py : INFO  as seed6 begin
2023-05-06 Saturday 11:33:33  run.py : INFO  as seed3 finish
2023-05-06 Saturday 11:33:33  run.py : INFO  as seed4 begin
2023-05-06 Saturday 11:34:06  run.py : INFO  as seed6 finish
2023-05-06 Saturday 11:34:06  run.py : INFO  as seed7 begin
2023-05-06 Saturday 11:37:25  run.py : INFO  as seed7 finish
2023-05-06 Saturday 11:37:25  run.py : INFO  as seed8 begin
2023-05-06 Saturday 11:39:05  run.py : INFO  as seed4 finish
2023-05-06 Saturday 11:39:05  run.py : INFO  as seed5 begin
2023-05-06 Saturday 11:40:31  run.py : INFO  as seed8 finish
2023-05-06 Saturday 11:40:31  run.py : INFO  as seed9 begin
2023-05-06 Saturday 11:44:02  run.py : INFO  as seed9 finish
2023-05-06 Saturday 11:44:47  run.py : INFO  as seed5 finish
2023-05-06 Saturday 11:44:47  run.py : INFO  as seed6 begin
2023-05-06 Saturday 11:48:34  run.py : INFO  as seed1 finish
2023-05-06 Saturday 11:48:34  run.py : INFO  as seed2 begin
2023-05-06 Saturday 11:49:32  run.py : INFO  as seed6 finish
2023-05-06 Saturday 11:49:32  run.py : INFO  as seed7 begin
2023-05-06 Saturday 11:53:11  run.py : INFO  as seed7 finish
2023-05-06 Saturday 11:53:11  run.py : INFO  as seed8 begin
2023-05-06 Saturday 11:57:35  run.py : INFO  as seed8 finish
2023-05-06 Saturday 11:57:35  run.py : INFO  as seed9 begin
2023-05-06 Saturday 11:58:06  run.py : INFO  as seed2 finish
2023-05-06 Saturday 11:58:06  run.py : INFO  as seed3 begin
2023-05-06 Saturday 12:00:23  run.py : INFO  as seed9 finish
2023-05-06 Saturday 12:09:39  run.py : INFO  as seed3 finish
2023-05-06 Saturday 12:09:39  run.py : INFO  as seed4 begin
2023-05-06 Saturday 12:21:03  run.py : INFO  as seed4 finish
2023-05-06 Saturday 12:21:03  run.py : INFO  as seed5 begin
2023-05-06 Saturday 12:36:41  run.py : INFO  as seed5 finish
2023-05-06 Saturday 12:36:41  run.py : INFO  as seed6 begin
2023-05-06 Saturday 12:53:47  run.py : INFO  as seed6 finish
2023-05-06 Saturday 12:53:47  run.py : INFO  as seed7 begin
2023-05-06 Saturday 13:05:06  run.py : INFO  as seed7 finish
2023-05-06 Saturday 13:05:06  run.py : INFO  as seed8 begin
2023-05-06 Saturday 13:13:46  run.py : INFO  as seed8 finish
2023-05-06 Saturday 13:13:46  run.py : INFO  as seed9 begin
2023-05-06 Saturday 13:22:58  run.py : INFO  as seed9 finish
2023-05-06 Saturday 16:18:32  run.py : INFO  as seed0 finish
2023-05-06 Saturday 16:18:32  run.py : INFO  as seed1 begin
2023-05-06 Saturday 16:51:51  run.py : INFO  as seed0 finish
2023-05-06 Saturday 16:51:51  run.py : INFO  as seed1 begin
2023-05-06 Saturday 19:47:49  run.py : INFO  as seed1 finish
2023-05-06 Saturday 19:47:49  run.py : INFO  as seed2 begin
2023-05-06 Saturday 20:51:07  run.py : INFO  as seed1 finish
2023-05-06 Saturday 20:51:07  run.py : INFO  as seed2 begin
2023-05-06 Saturday 21:28:23  run.py : INFO  as seed2 finish
2023-05-06 Saturday 21:28:23  run.py : INFO  as seed3 begin
2023-05-06 Saturday 23:15:27  run.py : INFO  as seed2 finish
2023-05-06 Saturday 23:15:27  run.py : INFO  as seed3 begin
2023-05-07 Sunday 00:36:00  run.py : INFO  as seed3 finish
2023-05-07 Sunday 00:36:00  run.py : INFO  as seed4 begin
2023-05-07 Sunday 02:27:03  run.py : INFO  as seed4 finish
2023-05-07 Sunday 02:42:01  run.py : INFO  as seed3 finish
2023-05-07 Sunday 02:42:01  run.py : INFO  as seed4 begin
2023-05-07 Sunday 06:52:04  run.py : INFO  as seed4 finish
2023-05-16 Tuesday 09:26:39  run.py : INFO  as seed0 begin
2023-05-16 Tuesday 09:27:06  run.py : INFO  as seed0 begin
2023-05-16 Tuesday 09:27:31  run.py : INFO  as seed0 begin
2023-05-16 Tuesday 09:28:29  run.py : INFO  as seed0 finish
2023-05-16 Tuesday 09:28:29  run.py : INFO  as seed1 begin
2023-05-16 Tuesday 09:28:58  run.py : INFO  as seed0 begin
2023-05-16 Tuesday 09:29:27  run.py : INFO  as seed0 begin
2023-05-16 Tuesday 09:30:30  run.py : INFO  as seed1 finish
2023-05-16 Tuesday 09:30:30  run.py : INFO  as seed2 begin
2023-05-16 Tuesday 09:31:13  run.py : INFO  as seed0 finish
2023-05-16 Tuesday 09:31:13  run.py : INFO  as seed1 begin
2023-05-16 Tuesday 09:31:23  run.py : INFO  as seed0 finish
2023-05-16 Tuesday 09:31:23  run.py : INFO  as seed1 begin
2023-05-16 Tuesday 09:32:42  run.py : INFO  as seed2 finish
2023-05-16 Tuesday 09:32:42  run.py : INFO  as seed3 begin
2023-05-16 Tuesday 09:35:39  run.py : INFO  as seed3 finish
2023-05-16 Tuesday 09:35:39  run.py : INFO  as seed4 begin
2023-05-16 Tuesday 09:36:41  run.py : INFO  as seed1 finish
2023-05-16 Tuesday 09:36:41  run.py : INFO  as seed2 begin
2023-05-16 Tuesday 09:36:59  run.py : INFO  as seed1 finish
2023-05-16 Tuesday 09:36:59  run.py : INFO  as seed2 begin
2023-05-16 Tuesday 09:37:17  run.py : INFO  as seed2 finish
2023-05-16 Tuesday 09:37:17  run.py : INFO  as seed3 begin
2023-05-16 Tuesday 09:37:17  run.py : INFO  as seed3 finish
2023-05-16 Tuesday 09:37:17  run.py : INFO  as seed4 begin
2023-05-16 Tuesday 09:37:17  run.py : INFO  as seed4 finish
2023-05-16 Tuesday 09:37:17  run.py : INFO  as seed5 begin
2023-05-16 Tuesday 09:37:17  run.py : INFO  as seed5 finish
2023-05-16 Tuesday 09:37:17  run.py : INFO  as seed6 begin
2023-05-16 Tuesday 09:37:17  run.py : INFO  as seed6 finish
2023-05-16 Tuesday 09:37:17  run.py : INFO  as seed7 begin
2023-05-16 Tuesday 09:37:17  run.py : INFO  as seed7 finish
2023-05-16 Tuesday 09:37:17  run.py : INFO  as seed8 begin
2023-05-16 Tuesday 09:37:17  run.py : INFO  as seed8 finish
2023-05-16 Tuesday 09:37:17  run.py : INFO  as seed9 begin
2023-05-16 Tuesday 09:37:17  run.py : INFO  as seed9 finish
2023-05-16 Tuesday 09:37:32  run.py : INFO  as seed0 begin
2023-05-16 Tuesday 09:37:41  run.py : INFO  as seed4 finish
2023-05-16 Tuesday 09:37:41  run.py : INFO  as seed5 begin
2023-05-16 Tuesday 09:39:43  run.py : INFO  as seed2 finish
2023-05-16 Tuesday 09:39:43  run.py : INFO  as seed3 begin
2023-05-16 Tuesday 09:39:49  run.py : INFO  as seed5 finish
2023-05-16 Tuesday 09:39:49  run.py : INFO  as seed6 begin
2023-05-16 Tuesday 09:43:52  run.py : INFO  as seed6 finish
2023-05-16 Tuesday 09:43:52  run.py : INFO  as seed7 begin
2023-05-16 Tuesday 09:45:30  run.py : INFO  as seed3 finish
2023-05-16 Tuesday 09:45:30  run.py : INFO  as seed4 begin
2023-05-16 Tuesday 09:46:41  run.py : INFO  as seed7 finish
2023-05-16 Tuesday 09:46:41  run.py : INFO  as seed8 begin
2023-05-16 Tuesday 09:49:32  run.py : INFO  as seed8 finish
2023-05-16 Tuesday 09:49:32  run.py : INFO  as seed9 begin
2023-05-16 Tuesday 09:51:53  run.py : INFO  as seed0 finish
2023-05-16 Tuesday 09:51:53  run.py : INFO  as seed1 begin
2023-05-16 Tuesday 09:52:07  run.py : INFO  as seed9 finish
2023-05-16 Tuesday 09:52:32  run.py : INFO  as seed4 finish
2023-05-16 Tuesday 09:52:32  run.py : INFO  as seed5 begin
2023-05-16 Tuesday 09:54:08  run.py : INFO  as seed0 begin
2023-05-16 Tuesday 09:56:55  run.py : INFO  as seed0 finish
2023-05-16 Tuesday 09:56:55  run.py : INFO  as seed1 begin
2023-05-16 Tuesday 09:59:05  run.py : INFO  as seed5 finish
2023-05-16 Tuesday 09:59:05  run.py : INFO  as seed6 begin
2023-05-16 Tuesday 10:01:52  run.py : INFO  as seed1 finish
2023-05-16 Tuesday 10:01:52  run.py : INFO  as seed2 begin
2023-05-16 Tuesday 10:06:35  run.py : INFO  as seed6 finish
2023-05-16 Tuesday 10:06:35  run.py : INFO  as seed7 begin
2023-05-16 Tuesday 10:07:04  run.py : INFO  as seed2 finish
2023-05-16 Tuesday 10:07:04  run.py : INFO  as seed3 begin
2023-05-16 Tuesday 10:13:53  run.py : INFO  as seed7 finish
2023-05-16 Tuesday 10:13:53  run.py : INFO  as seed8 begin
2023-05-16 Tuesday 10:17:10  run.py : INFO  as seed3 finish
2023-05-16 Tuesday 10:17:10  run.py : INFO  as seed4 begin
2023-05-16 Tuesday 10:27:16  run.py : INFO  as seed4 finish
2023-05-16 Tuesday 10:27:16  run.py : INFO  as seed5 begin
2023-05-16 Tuesday 10:30:13  run.py : INFO  as seed8 finish
2023-05-16 Tuesday 10:30:13  run.py : INFO  as seed9 begin
2023-05-16 Tuesday 10:37:11  run.py : INFO  as seed5 finish
2023-05-16 Tuesday 10:37:11  run.py : INFO  as seed6 begin
2023-05-16 Tuesday 10:44:10  run.py : INFO  as seed9 finish
2023-05-16 Tuesday 10:47:19  run.py : INFO  as seed0 finish
2023-05-16 Tuesday 10:47:19  run.py : INFO  as seed1 begin
2023-05-16 Tuesday 10:48:13  run.py : INFO  as seed6 finish
2023-05-16 Tuesday 10:48:13  run.py : INFO  as seed7 begin
2023-05-16 Tuesday 10:57:08  run.py : INFO  as seed1 finish
2023-05-16 Tuesday 10:57:08  run.py : INFO  as seed2 begin
2023-05-16 Tuesday 10:57:29  run.py : INFO  as seed7 finish
2023-05-16 Tuesday 10:57:29  run.py : INFO  as seed8 begin
2023-05-16 Tuesday 11:06:41  run.py : INFO  as seed8 finish
2023-05-16 Tuesday 11:06:41  run.py : INFO  as seed9 begin
2023-05-16 Tuesday 11:15:59  run.py : INFO  as seed9 finish
2023-05-16 Tuesday 11:55:05  run.py : INFO  as seed2 finish
2023-05-16 Tuesday 11:55:05  run.py : INFO  as seed3 begin
2023-05-16 Tuesday 12:24:45  run.py : INFO  as seed3 finish
2023-05-16 Tuesday 12:24:45  run.py : INFO  as seed4 begin
2023-05-16 Tuesday 12:29:00  run.py : INFO  as seed0 finish
2023-05-16 Tuesday 12:29:00  run.py : INFO  as seed1 begin
2023-05-16 Tuesday 13:38:45  run.py : INFO  as seed1 finish
2023-05-16 Tuesday 13:38:45  run.py : INFO  as seed2 begin
2023-05-16 Tuesday 13:47:30  run.py : INFO  as seed4 finish
2023-05-16 Tuesday 13:47:30  run.py : INFO  as seed5 begin
2023-05-16 Tuesday 14:46:29  run.py : INFO  as seed5 finish
2023-05-16 Tuesday 14:46:29  run.py : INFO  as seed6 begin
2023-05-16 Tuesday 15:29:38  run.py : INFO  as seed6 finish
2023-05-16 Tuesday 15:29:38  run.py : INFO  as seed7 begin
2023-05-16 Tuesday 16:30:21  run.py : INFO  as seed2 finish
2023-05-16 Tuesday 16:30:21  run.py : INFO  as seed3 begin
2023-05-16 Tuesday 16:32:55  run.py : INFO  as seed7 finish
2023-05-16 Tuesday 16:32:55  run.py : INFO  as seed8 begin
2023-05-16 Tuesday 17:27:54  run.py : INFO  as seed8 finish
2023-05-16 Tuesday 17:27:54  run.py : INFO  as seed9 begin
2023-05-16 Tuesday 18:35:49  run.py : INFO  as seed9 finish
2023-05-16 Tuesday 18:40:11  run.py : INFO  as seed3 finish
2023-05-16 Tuesday 18:40:11  run.py : INFO  as seed4 begin
2023-05-16 Tuesday 19:45:03  run.py : INFO  as seed1 finish
2023-05-16 Tuesday 19:45:03  run.py : INFO  as seed2 begin
2023-05-16 Tuesday 20:39:23  run.py : INFO  as seed4 finish
2023-05-16 Tuesday 20:39:23  run.py : INFO  as seed5 begin
2023-05-16 Tuesday 21:34:26  run.py : INFO  as seed5 finish
2023-05-16 Tuesday 21:34:26  run.py : INFO  as seed6 begin
2023-05-16 Tuesday 23:00:53  run.py : INFO  as seed6 finish
2023-05-16 Tuesday 23:00:53  run.py : INFO  as seed7 begin
2023-05-16 Tuesday 23:02:32  run.py : INFO  as seed2 finish
2023-05-16 Tuesday 23:02:32  run.py : INFO  as seed3 begin
2023-05-16 Tuesday 23:59:59  run.py : INFO  as seed7 finish
2023-05-16 Tuesday 23:59:59  run.py : INFO  as seed8 begin
2023-05-17 Wednesday 00:49:57  run.py : INFO  as seed8 finish
2023-05-17 Wednesday 00:49:57  run.py : INFO  as seed9 begin
2023-05-17 Wednesday 01:04:31  run.py : INFO  as seed3 finish
2023-05-17 Wednesday 01:04:31  run.py : INFO  as seed4 begin
2023-05-17 Wednesday 01:36:31  run.py : INFO  as seed9 finish
2023-05-17 Wednesday 02:18:13  run.py : INFO  as seed4 finish
2023-05-17 Wednesday 02:18:13  run.py : INFO  as seed5 begin
2023-05-17 Wednesday 04:23:30  run.py : INFO  as seed5 finish
2023-05-17 Wednesday 04:23:30  run.py : INFO  as seed6 begin
2023-05-17 Wednesday 06:29:07  run.py : INFO  as seed6 finish
2023-05-17 Wednesday 06:29:07  run.py : INFO  as seed7 begin
2023-05-17 Wednesday 09:56:43  run.py : INFO  as seed7 finish
2023-05-17 Wednesday 09:56:43  run.py : INFO  as seed8 begin
2023-05-17 Wednesday 10:28:58  run.py : INFO  as seed8 finish
2023-05-17 Wednesday 10:28:58  run.py : INFO  as seed9 begin
2023-05-17 Wednesday 10:59:59  run.py : INFO  as seed9 finish
2023-05-18 Thursday 01:59:40  run.py : INFO  as seed0 begin
2023-05-18 Thursday 07:35:38  run.py : INFO  as seed0 finish
2023-05-18 Thursday 07:35:38  run.py : INFO  as seed1 begin
2023-05-18 Thursday 08:11:42  run.py : INFO  as seed1 finish
2023-05-18 Thursday 08:11:42  run.py : INFO  as seed2 begin
2023-05-18 Thursday 08:47:41  run.py : INFO  as seed2 finish
2023-05-18 Thursday 08:47:41  run.py : INFO  as seed3 begin
2023-05-18 Thursday 09:14:35  run.py : INFO  as seed3 finish
2023-05-18 Thursday 09:14:35  run.py : INFO  as seed4 begin
2023-05-18 Thursday 09:43:28  run.py : INFO  as seed4 finish
2023-05-18 Thursday 09:43:28  run.py : INFO  as seed5 begin
2023-05-18 Thursday 11:59:52  run.py : INFO  as seed5 finish
2023-05-18 Thursday 11:59:52  run.py : INFO  as seed6 begin
2023-05-18 Thursday 14:15:30  run.py : INFO  as seed6 finish
2023-05-18 Thursday 14:15:30  run.py : INFO  as seed7 begin
2023-05-18 Thursday 17:17:06  run.py : INFO  as seed7 finish
2023-05-18 Thursday 17:17:06  run.py : INFO  as seed8 begin
2023-05-18 Thursday 18:51:57  run.py : INFO  as seed8 finish
2023-05-18 Thursday 18:51:57  run.py : INFO  as seed9 begin
2023-05-18 Thursday 20:16:48  run.py : INFO  as seed9 finish
2023-05-19 Friday 01:10:59  run.py : INFO  as seed0 begin
2023-05-19 Friday 02:32:28  run.py : INFO  as seed0 finish
2023-05-19 Friday 02:32:28  run.py : INFO  as seed1 begin
2023-05-19 Friday 04:07:30  run.py : INFO  as seed1 finish
2023-05-19 Friday 04:07:30  run.py : INFO  as seed2 begin
2023-05-19 Friday 05:38:39  run.py : INFO  as seed2 finish
2023-05-19 Friday 05:38:39  run.py : INFO  as seed3 begin
2023-05-19 Friday 08:23:11  run.py : INFO  as seed3 finish
2023-05-19 Friday 08:23:11  run.py : INFO  as seed4 begin
2023-05-19 Friday 08:49:24  run.py : INFO  as seed4 finish
2023-05-19 Friday 08:49:24  run.py : INFO  as seed5 begin
2023-05-19 Friday 09:16:03  run.py : INFO  as seed5 finish
2023-05-19 Friday 09:16:03  run.py : INFO  as seed6 begin
2023-05-19 Friday 09:42:36  run.py : INFO  as seed6 finish
2023-05-19 Friday 09:42:36  run.py : INFO  as seed7 begin
2023-05-19 Friday 10:08:43  run.py : INFO  as seed7 finish
2023-05-19 Friday 10:08:43  run.py : INFO  as seed8 begin
2023-05-19 Friday 10:35:03  run.py : INFO  as seed8 finish
2023-05-19 Friday 10:35:03  run.py : INFO  as seed9 begin
2023-05-19 Friday 11:01:25  run.py : INFO  as seed9 finish
2023-05-29 Monday 07:18:01  run.py : INFO  as seed0 begin
2023-05-29 Monday 07:19:25  run.py : INFO  as seed0 begin
2023-05-29 Monday 07:19:51  run.py : INFO  as seed0 begin
2023-05-29 Monday 07:20:17  run.py : INFO  as seed0 begin
2023-05-29 Monday 07:20:49  run.py : INFO  as seed0 begin
2023-05-29 Monday 07:25:35  run.py : INFO  as seed0 finish
2023-05-29 Monday 07:25:35  run.py : INFO  as seed1 begin
2023-05-29 Monday 07:30:02  run.py : INFO  as seed0 finish
2023-05-29 Monday 07:30:02  run.py : INFO  as seed1 begin
2023-05-29 Monday 07:31:45  run.py : INFO  as seed1 finish
2023-05-29 Monday 07:31:45  run.py : INFO  as seed2 begin
2023-05-29 Monday 07:39:50  run.py : INFO  as seed2 finish
2023-05-29 Monday 07:39:50  run.py : INFO  as seed3 begin
2023-05-29 Monday 07:45:24  run.py : INFO  as seed1 finish
2023-05-29 Monday 07:45:24  run.py : INFO  as seed2 begin
2023-05-29 Monday 07:49:05  run.py : INFO  as seed3 finish
2023-05-29 Monday 07:49:05  run.py : INFO  as seed4 begin
2023-05-29 Monday 07:54:04  run.py : INFO  as seed2 finish
2023-05-29 Monday 07:54:04  run.py : INFO  as seed3 begin
2023-05-29 Monday 07:55:32  run.py : INFO  as seed4 finish
2023-05-29 Monday 07:55:32  run.py : INFO  as seed5 begin
2023-05-29 Monday 08:02:40  run.py : INFO  as seed5 finish
2023-05-29 Monday 08:02:40  run.py : INFO  as seed6 begin
2023-05-29 Monday 08:05:57  run.py : INFO  as seed3 finish
2023-05-29 Monday 08:05:57  run.py : INFO  as seed4 begin
2023-05-29 Monday 08:09:37  run.py : INFO  as seed6 finish
2023-05-29 Monday 08:09:37  run.py : INFO  as seed7 begin
2023-05-29 Monday 08:16:32  run.py : INFO  as seed7 finish
2023-05-29 Monday 08:16:32  run.py : INFO  as seed8 begin
2023-05-29 Monday 08:17:37  run.py : INFO  as seed0 finish
2023-05-29 Monday 08:17:37  run.py : INFO  as seed1 begin
2023-05-29 Monday 08:24:44  run.py : INFO  as seed8 finish
2023-05-29 Monday 08:24:44  run.py : INFO  as seed9 begin
2023-05-29 Monday 08:31:59  run.py : INFO  as seed9 finish
2023-05-29 Monday 08:34:24  run.py : INFO  as seed4 finish
2023-05-29 Monday 08:34:24  run.py : INFO  as seed5 begin
2023-05-29 Monday 08:43:07  run.py : INFO  as seed1 finish
2023-05-29 Monday 08:43:07  run.py : INFO  as seed2 begin
2023-05-29 Monday 08:44:54  run.py : INFO  as seed5 finish
2023-05-29 Monday 08:44:54  run.py : INFO  as seed6 begin
2023-05-29 Monday 08:58:47  run.py : INFO  as seed6 finish
2023-05-29 Monday 08:58:47  run.py : INFO  as seed7 begin
2023-05-29 Monday 09:13:36  run.py : INFO  as seed2 finish
2023-05-29 Monday 09:13:36  run.py : INFO  as seed3 begin
2023-05-29 Monday 09:15:37  run.py : INFO  as seed7 finish
2023-05-29 Monday 09:15:37  run.py : INFO  as seed8 begin
2023-05-29 Monday 09:32:09  run.py : INFO  as seed8 finish
2023-05-29 Monday 09:32:09  run.py : INFO  as seed9 begin
2023-05-29 Monday 09:48:39  run.py : INFO  as seed9 finish
2023-05-29 Monday 09:57:24  run.py : INFO  as seed3 finish
2023-05-29 Monday 09:57:24  run.py : INFO  as seed4 begin
2023-05-29 Monday 10:53:53  run.py : INFO  as seed4 finish
2023-05-29 Monday 10:53:53  run.py : INFO  as seed5 begin
2023-05-29 Monday 12:10:08  run.py : INFO  as seed5 finish
2023-05-29 Monday 12:10:08  run.py : INFO  as seed6 begin
2023-05-29 Monday 12:54:00  run.py : INFO  as seed6 finish
2023-05-29 Monday 12:54:00  run.py : INFO  as seed7 begin
2023-05-29 Monday 13:17:49  run.py : INFO  as seed7 finish
2023-05-29 Monday 13:17:49  run.py : INFO  as seed8 begin
2023-05-29 Monday 14:00:58  run.py : INFO  as seed8 finish
2023-05-29 Monday 14:00:58  run.py : INFO  as seed9 begin
2023-05-29 Monday 14:33:03  run.py : INFO  as seed9 finish
2023-05-29 Monday 14:43:14  run.py : INFO  as seed0 finish
2023-05-29 Monday 14:43:14  run.py : INFO  as seed1 begin
2023-05-29 Monday 22:50:07  run.py : INFO  as seed1 finish
2023-05-29 Monday 22:50:07  run.py : INFO  as seed2 begin
2023-05-30 Tuesday 04:38:29  run.py : INFO  as seed2 finish
2023-05-30 Tuesday 04:38:29  run.py : INFO  as seed3 begin
2023-05-30 Tuesday 11:37:45  run.py : INFO  as seed3 finish
2023-05-30 Tuesday 11:37:45  run.py : INFO  as seed4 begin
2023-05-30 Tuesday 11:56:43  run.py : INFO  as seed0 finish
2023-05-30 Tuesday 11:56:43  run.py : INFO  as seed1 begin
2023-05-30 Tuesday 20:57:15  run.py : INFO  as seed4 finish
2023-05-30 Tuesday 20:57:15  run.py : INFO  as seed5 begin
2023-05-31 Wednesday 02:37:47  run.py : INFO  as seed5 finish
2023-05-31 Wednesday 02:37:47  run.py : INFO  as seed6 begin
2023-05-31 Wednesday 08:31:11  run.py : INFO  as seed6 finish
2023-05-31 Wednesday 08:31:11  run.py : INFO  as seed7 begin
2023-05-31 Wednesday 15:38:39  run.py : INFO  as seed7 finish
2023-05-31 Wednesday 15:38:39  run.py : INFO  as seed8 begin
2023-05-31 Wednesday 19:50:28  run.py : INFO  as seed8 finish
2023-05-31 Wednesday 19:50:28  run.py : INFO  as seed9 begin
2023-06-01 Thursday 01:29:48  run.py : INFO  as seed9 finish
2023-06-01 Thursday 11:06:22  run.py : INFO  as seed1 finish
2023-06-01 Thursday 11:06:22  run.py : INFO  as seed2 begin
2023-06-03 Saturday 13:35:48  run.py : INFO  as seed2 finish
2023-06-03 Saturday 13:35:48  run.py : INFO  as seed3 begin
2023-06-03 Saturday 23:56:51  run.py : INFO  as seed3 finish
2023-06-03 Saturday 23:56:51  run.py : INFO  as seed4 begin
2023-06-04 Sunday 14:41:06  run.py : INFO  as seed4 finish
2023-06-04 Sunday 14:41:06  run.py : INFO  as seed5 begin
2023-06-05 Monday 02:17:39  run.py : INFO  as seed5 finish
2023-06-05 Monday 02:17:39  run.py : INFO  as seed6 begin
2023-06-05 Monday 10:32:25  run.py : INFO  as seed6 finish
2023-06-05 Monday 10:32:25  run.py : INFO  as seed7 begin
2023-06-05 Monday 20:25:42  run.py : INFO  as seed7 finish
2023-06-05 Monday 20:25:42  run.py : INFO  as seed8 begin
2023-06-06 Tuesday 05:47:25  run.py : INFO  as seed8 finish
2023-06-06 Tuesday 05:47:25  run.py : INFO  as seed9 begin
2023-06-06 Tuesday 08:28:38  run.py : INFO  as seed0 begin
2023-06-06 Tuesday 08:29:43  run.py : INFO  as seed0 finish
2023-06-06 Tuesday 08:29:43  run.py : INFO  as seed1 begin
2023-06-06 Tuesday 08:29:54  run.py : INFO  as seed0 begin
2023-06-06 Tuesday 08:30:14  run.py : INFO  as seed0 begin
2023-06-06 Tuesday 08:30:43  run.py : INFO  as seed0 begin
2023-06-06 Tuesday 08:30:49  run.py : INFO  as seed1 finish
2023-06-06 Tuesday 08:30:49  run.py : INFO  as seed2 begin
2023-06-06 Tuesday 08:31:41  run.py : INFO  as seed0 finish
2023-06-06 Tuesday 08:31:41  run.py : INFO  as seed1 begin
2023-06-06 Tuesday 08:31:56  run.py : INFO  as seed2 finish
2023-06-06 Tuesday 08:31:56  run.py : INFO  as seed3 begin
2023-06-06 Tuesday 08:33:02  run.py : INFO  as seed3 finish
2023-06-06 Tuesday 08:33:02  run.py : INFO  as seed4 begin
2023-06-06 Tuesday 08:33:28  run.py : INFO  as seed1 finish
2023-06-06 Tuesday 08:33:28  run.py : INFO  as seed2 begin
2023-06-06 Tuesday 08:33:46  run.py : INFO  as seed0 finish
2023-06-06 Tuesday 08:33:46  run.py : INFO  as seed1 begin
2023-06-06 Tuesday 08:34:11  run.py : INFO  as seed4 finish
2023-06-06 Tuesday 08:35:16  run.py : INFO  as seed2 finish
2023-06-06 Tuesday 08:35:16  run.py : INFO  as seed3 begin
2023-06-06 Tuesday 08:36:57  run.py : INFO  as seed3 finish
2023-06-06 Tuesday 08:36:57  run.py : INFO  as seed4 begin
2023-06-06 Tuesday 08:37:05  run.py : INFO  as seed1 finish
2023-06-06 Tuesday 08:37:05  run.py : INFO  as seed2 begin
2023-06-06 Tuesday 08:38:42  run.py : INFO  as seed4 finish
2023-06-06 Tuesday 08:40:24  run.py : INFO  as seed2 finish
2023-06-06 Tuesday 08:40:24  run.py : INFO  as seed3 begin
2023-06-06 Tuesday 08:43:40  run.py : INFO  as seed3 finish
2023-06-06 Tuesday 08:43:40  run.py : INFO  as seed4 begin
2023-06-06 Tuesday 08:46:57  run.py : INFO  as seed4 finish
2023-06-06 Tuesday 08:48:16  run.py : INFO  as seed9 finish
2023-06-06 Tuesday 08:55:12  run.py : INFO  as seed0 begin
2023-06-06 Tuesday 10:49:42  run.py : INFO  as seed0 begin
2023-06-06 Tuesday 10:49:56  run.py : INFO  as seed0 begin
2023-06-06 Tuesday 10:50:10  run.py : INFO  as seed0 finish
2023-06-06 Tuesday 10:50:10  run.py : INFO  as seed1 begin
2023-06-06 Tuesday 10:50:11  run.py : INFO  as seed1 finish
2023-06-06 Tuesday 10:50:11  run.py : INFO  as seed2 begin
2023-06-06 Tuesday 10:50:11  run.py : INFO  as seed2 finish
2023-06-06 Tuesday 10:50:11  run.py : INFO  as seed3 begin
2023-06-06 Tuesday 10:50:11  run.py : INFO  as seed3 finish
2023-06-06 Tuesday 10:50:11  run.py : INFO  as seed4 begin
2023-06-06 Tuesday 10:50:12  run.py : INFO  as seed4 finish
2023-06-06 Tuesday 10:50:38  run.py : INFO  as seed0 begin
2023-06-06 Tuesday 10:50:54  run.py : INFO  as seed0 begin
2023-06-06 Tuesday 10:56:44  run.py : INFO  as seed0 finish
2023-06-06 Tuesday 10:56:44  run.py : INFO  as seed1 begin
2023-06-06 Tuesday 11:05:42  run.py : INFO  as seed1 finish
2023-06-06 Tuesday 11:05:42  run.py : INFO  as seed2 begin
2023-06-06 Tuesday 11:06:21  run.py : INFO  as seed0 finish
2023-06-06 Tuesday 11:06:21  run.py : INFO  as seed1 begin
2023-06-06 Tuesday 11:14:44  run.py : INFO  as seed2 finish
2023-06-06 Tuesday 11:14:44  run.py : INFO  as seed3 begin
2023-06-06 Tuesday 11:18:47  run.py : INFO  as seed1 finish
2023-06-06 Tuesday 11:18:47  run.py : INFO  as seed2 begin
2023-06-06 Tuesday 11:23:14  run.py : INFO  as seed3 finish
2023-06-06 Tuesday 11:23:14  run.py : INFO  as seed4 begin
2023-06-06 Tuesday 11:23:28  run.py : INFO  as seed0 finish
2023-06-06 Tuesday 11:23:28  run.py : INFO  as seed1 begin
2023-06-06 Tuesday 11:28:05  run.py : INFO  as seed2 finish
2023-06-06 Tuesday 11:28:05  run.py : INFO  as seed3 begin
2023-06-06 Tuesday 11:28:55  run.py : INFO  as seed4 finish
2023-06-06 Tuesday 11:29:57  run.py : INFO  as seed0 finish
2023-06-06 Tuesday 11:29:57  run.py : INFO  as seed1 begin
2023-06-06 Tuesday 11:32:55  run.py : INFO  as seed3 finish
2023-06-06 Tuesday 11:32:55  run.py : INFO  as seed4 begin
2023-06-06 Tuesday 11:34:39  run.py : INFO  as seed0 finish
2023-06-06 Tuesday 11:34:39  run.py : INFO  as seed1 begin
2023-06-06 Tuesday 11:43:45  run.py : INFO  as seed4 finish
2023-06-06 Tuesday 12:25:24  run.py : INFO  as seed1 finish
2023-06-06 Tuesday 12:25:24  run.py : INFO  as seed2 begin
2023-06-06 Tuesday 13:11:05  run.py : INFO  as seed2 finish
2023-06-06 Tuesday 13:11:05  run.py : INFO  as seed3 begin
2023-06-06 Tuesday 13:54:17  run.py : INFO  as seed3 finish
2023-06-06 Tuesday 13:54:17  run.py : INFO  as seed4 begin
2023-06-06 Tuesday 14:30:59  run.py : INFO  as seed4 finish
2023-06-06 Tuesday 15:17:39  run.py : INFO  as seed1 finish
2023-06-06 Tuesday 15:17:39  run.py : INFO  as seed2 begin
2023-06-06 Tuesday 17:15:58  run.py : INFO  as seed2 finish
2023-06-06 Tuesday 17:15:58  run.py : INFO  as seed3 begin
2023-06-06 Tuesday 17:38:20  run.py : INFO  as seed1 finish
2023-06-06 Tuesday 17:38:20  run.py : INFO  as seed2 begin
2023-06-06 Tuesday 21:55:23  run.py : INFO  as seed2 finish
2023-06-06 Tuesday 21:55:23  run.py : INFO  as seed3 begin
2023-06-06 Tuesday 22:16:13  run.py : INFO  as seed3 finish
2023-06-06 Tuesday 22:16:13  run.py : INFO  as seed4 begin
2023-06-06 Tuesday 23:54:02  run.py : INFO  as seed4 finish
2023-06-07 Wednesday 01:11:37  run.py : INFO  as seed3 finish
2023-06-07 Wednesday 01:11:37  run.py : INFO  as seed4 begin
2023-06-07 Wednesday 03:06:17  run.py : INFO  as seed4 finish
2023-09-07 Thursday 10:05:30  run.py : INFO  as seed0 begin
2023-09-07 Thursday 10:21:45  run.py : INFO  as seed0 finish
2023-09-07 Thursday 10:21:45  run.py : INFO  as seed1 begin
2023-09-07 Thursday 10:21:45  run.py : INFO  as seed1 finish
2023-09-07 Thursday 10:21:45  run.py : INFO  as seed2 begin
2023-09-07 Thursday 10:21:45  run.py : INFO  as seed2 finish
2023-09-07 Thursday 10:21:45  run.py : INFO  as seed3 begin
2023-09-07 Thursday 10:21:45  run.py : INFO  as seed3 finish
2023-09-07 Thursday 10:21:45  run.py : INFO  as seed4 begin
2023-09-07 Thursday 10:21:45  run.py : INFO  as seed4 finish
2023-09-07 Thursday 10:23:29  run.py : INFO  as seed0 begin
2023-09-07 Thursday 12:28:36  run.py : INFO  as seed0 finish
2023-09-07 Thursday 12:28:36  run.py : INFO  as seed1 begin
2023-09-07 Thursday 14:46:10  run.py : INFO  as seed1 finish
2023-09-07 Thursday 14:46:10  run.py : INFO  as seed2 begin
2023-09-07 Thursday 16:26:45  run.py : INFO  as seed2 finish
2023-09-07 Thursday 16:26:45  run.py : INFO  as seed3 begin
2023-09-07 Thursday 18:37:07  run.py : INFO  as seed3 finish
2023-09-07 Thursday 18:37:07  run.py : INFO  as seed4 begin
2023-09-07 Thursday 20:52:02  run.py : INFO  as seed4 finish
2023-09-11 Monday 07:40:03  run.py : INFO  as seed0 begin
2023-09-11 Monday 11:17:40  run.py : INFO  as seed0 finish
2023-09-11 Monday 11:17:40  run.py : INFO  as seed1 begin
2023-09-11 Monday 11:17:53  run.py : INFO  as seed1 finish
2023-09-11 Monday 11:17:53  run.py : INFO  as seed2 begin
2023-09-11 Monday 11:18:07  run.py : INFO  as seed2 finish
2023-09-11 Monday 11:18:07  run.py : INFO  as seed3 begin
2023-09-11 Monday 11:18:21  run.py : INFO  as seed3 finish
2023-09-11 Monday 11:18:21  run.py : INFO  as seed4 begin
2023-09-11 Monday 11:18:34  run.py : INFO  as seed4 finish
2023-09-15 Friday 03:46:23  run.py : INFO  as seed0 begin
2023-09-15 Friday 03:47:28  run.py : INFO  as seed0 begin
2023-09-15 Friday 05:18:12  run.py : INFO  as seed0 finish
2023-09-15 Friday 05:18:12  run.py : INFO  as seed1 begin
2023-09-15 Friday 06:53:47  run.py : INFO  as seed1 finish
2023-09-15 Friday 06:53:47  run.py : INFO  as seed2 begin
2023-09-18 Monday 01:30:18  run.py : INFO  as seed0 begin
2023-09-18 Monday 01:31:03  run.py : INFO  as seed0 begin
2023-09-18 Monday 01:50:17  run.py : INFO  as seed0 finish
2023-09-18 Monday 01:50:17  run.py : INFO  as seed1 begin
2023-09-18 Monday 02:20:21  run.py : INFO  as seed1 finish
2023-09-18 Monday 02:20:21  run.py : INFO  as seed2 begin
2023-09-18 Monday 02:56:30  run.py : INFO  as seed2 finish
2023-09-18 Monday 02:56:30  run.py : INFO  as seed3 begin
2023-09-18 Monday 03:16:49  run.py : INFO  as seed3 finish
2023-09-18 Monday 03:16:49  run.py : INFO  as seed4 begin
2023-09-18 Monday 03:49:23  run.py : INFO  as seed4 finish
2023-09-18 Monday 03:49:23  run.py : INFO  as seed0 begin
2023-09-18 Monday 05:22:08  run.py : INFO  as seed0 finish
2023-09-18 Monday 05:22:08  run.py : INFO  as seed1 begin
2023-09-18 Monday 07:36:00  run.py : INFO  as seed1 finish
2023-09-18 Monday 07:36:00  run.py : INFO  as seed2 begin
2023-09-18 Monday 07:36:06  run.py : INFO  as seed2 finish
2023-09-18 Monday 07:36:06  run.py : INFO  as seed3 begin
2023-09-18 Monday 07:36:13  run.py : INFO  as seed3 finish
2023-09-18 Monday 07:36:13  run.py : INFO  as seed4 begin
2023-09-18 Monday 07:36:19  run.py : INFO  as seed4 finish
2023-09-18 Monday 07:36:19  run.py : INFO  as seed0 begin
2023-09-18 Monday 07:36:26  run.py : INFO  as seed0 finish
2023-09-18 Monday 07:36:26  run.py : INFO  as seed1 begin
2023-09-18 Monday 07:36:32  run.py : INFO  as seed1 finish
2023-09-18 Monday 07:36:32  run.py : INFO  as seed2 begin
2023-09-18 Monday 07:36:39  run.py : INFO  as seed2 finish
2023-09-18 Monday 07:36:39  run.py : INFO  as seed3 begin
2023-09-18 Monday 07:36:46  run.py : INFO  as seed3 finish
2023-09-18 Monday 07:36:46  run.py : INFO  as seed4 begin
2023-09-18 Monday 07:36:53  run.py : INFO  as seed4 finish
2023-09-18 Monday 07:36:53  run.py : INFO  as seed0 begin
2023-09-18 Monday 07:37:00  run.py : INFO  as seed0 finish
2023-09-18 Monday 07:37:00  run.py : INFO  as seed1 begin
2023-09-18 Monday 07:37:06  run.py : INFO  as seed1 finish
2023-09-18 Monday 07:37:06  run.py : INFO  as seed2 begin
2023-09-18 Monday 07:37:13  run.py : INFO  as seed2 finish
2023-09-18 Monday 07:37:13  run.py : INFO  as seed3 begin
2023-09-18 Monday 07:37:20  run.py : INFO  as seed3 finish
2023-09-18 Monday 07:37:20  run.py : INFO  as seed4 begin
2023-09-18 Monday 07:37:27  run.py : INFO  as seed4 finish
2023-09-18 Monday 07:37:27  run.py : INFO  as seed0 begin
2023-09-18 Monday 07:37:33  run.py : INFO  as seed0 finish
2023-09-18 Monday 07:37:33  run.py : INFO  as seed1 begin
2023-09-18 Monday 07:37:40  run.py : INFO  as seed1 finish
2023-09-18 Monday 07:37:40  run.py : INFO  as seed2 begin
2023-09-18 Monday 07:37:47  run.py : INFO  as seed2 finish
2023-09-18 Monday 07:37:47  run.py : INFO  as seed3 begin
2023-09-18 Monday 07:37:54  run.py : INFO  as seed3 finish
2023-09-18 Monday 07:37:54  run.py : INFO  as seed4 begin
2023-09-18 Monday 07:38:01  run.py : INFO  as seed4 finish
2023-09-18 Monday 07:38:01  run.py : INFO  as seed0 begin
2023-09-18 Monday 07:38:08  run.py : INFO  as seed0 finish
2023-09-18 Monday 07:38:08  run.py : INFO  as seed1 begin
2023-09-18 Monday 07:38:16  run.py : INFO  as seed1 finish
2023-09-18 Monday 07:38:16  run.py : INFO  as seed2 begin
2023-09-18 Monday 07:38:22  run.py : INFO  as seed2 finish
2023-09-18 Monday 07:38:22  run.py : INFO  as seed3 begin
2023-09-18 Monday 07:38:29  run.py : INFO  as seed3 finish
2023-09-18 Monday 07:38:29  run.py : INFO  as seed4 begin
2023-09-18 Monday 07:38:37  run.py : INFO  as seed4 finish
2023-09-18 Monday 07:38:37  run.py : INFO  as seed0 begin
2023-09-18 Monday 07:38:45  run.py : INFO  as seed0 finish
2023-09-18 Monday 07:38:45  run.py : INFO  as seed1 begin
2023-09-18 Monday 07:38:52  run.py : INFO  as seed1 finish
2023-09-18 Monday 07:38:52  run.py : INFO  as seed2 begin
2023-09-18 Monday 07:38:59  run.py : INFO  as seed2 finish
2023-09-18 Monday 07:38:59  run.py : INFO  as seed3 begin
2023-09-18 Monday 07:39:07  run.py : INFO  as seed3 finish
2023-09-18 Monday 07:39:07  run.py : INFO  as seed4 begin
2023-09-18 Monday 07:39:14  run.py : INFO  as seed4 finish
2023-09-18 Monday 08:19:57  run_dynamics.py : INFO  as seed0 begin
2023-09-18 Monday 08:20:45  run_dynamics.py : INFO  as seed0 begin
2023-09-18 Monday 08:20:58  run_dynamics.py : INFO  as seed0 begin
2023-09-18 Monday 08:21:16  run_dynamics.py : INFO  as seed0 finish
2023-09-18 Monday 08:21:16  run_dynamics.py : INFO  as seed1 begin
2023-09-18 Monday 08:21:17  run_dynamics.py : INFO  as seed1 finish
2023-09-18 Monday 08:21:17  run_dynamics.py : INFO  as seed2 begin
2023-09-18 Monday 08:21:17  run_dynamics.py : INFO  as seed2 finish
2023-09-18 Monday 08:21:17  run_dynamics.py : INFO  as seed3 begin
2023-09-18 Monday 08:21:17  run_dynamics.py : INFO  as seed3 finish
2023-09-18 Monday 08:21:17  run_dynamics.py : INFO  as seed4 begin
2023-09-18 Monday 08:21:17  run_dynamics.py : INFO  as seed4 finish
2023-09-18 Monday 08:21:31  run_dynamics.py : INFO  as seed0 begin
2023-09-18 Monday 08:21:55  run_dynamics.py : INFO  as seed0 begin
2023-09-18 Monday 08:22:23  run_dynamics.py : INFO  as seed0 begin
2023-09-22 Friday 02:05:16  run_dynamics.py : INFO  as seed0 finish
2023-09-22 Friday 02:05:16  run_dynamics.py : INFO  as seed1 begin
2023-09-22 Friday 02:12:57  run_dynamics.py : INFO  as seed0 finish
2023-09-22 Friday 02:12:57  run_dynamics.py : INFO  as seed1 begin
2023-09-22 Friday 02:22:57  run_dynamics.py : INFO  as seed0 finish
2023-09-22 Friday 02:22:57  run_dynamics.py : INFO  as seed1 begin
2023-09-22 Friday 07:23:38  run_dynamics.py : INFO  as seed0 finish
2023-09-22 Friday 07:23:38  run_dynamics.py : INFO  as seed1 begin
2023-09-22 Friday 08:13:30  run_dynamics.py : INFO  as seed0 finish
2023-09-22 Friday 08:13:30  run_dynamics.py : INFO  as seed1 begin
2023-09-22 Friday 08:56:45  run.py : INFO  as seed0 begin
2023-09-22 Friday 09:02:34  run.py : INFO  as seed0 begin
2023-09-22 Friday 13:46:16  run.py : INFO  as seed0 finish
2023-09-22 Friday 13:46:16  run.py : INFO  as seed1 begin
2023-09-22 Friday 17:46:18  run.py : INFO  as seed1 finish
2023-09-22 Friday 17:46:18  run.py : INFO  as seed2 begin
2023-09-22 Friday 22:05:14  run.py : INFO  as seed2 finish
2023-09-22 Friday 22:05:14  run.py : INFO  as seed3 begin
2023-09-23 Saturday 01:07:53  run.py : INFO  as seed3 finish
2023-09-23 Saturday 01:07:53  run.py : INFO  as seed4 begin
2023-09-23 Saturday 06:52:27  run.py : INFO  as seed4 finish
2023-09-23 Saturday 06:52:27  run.py : INFO  as seed0 begin
2023-09-23 Saturday 17:39:03  run.py : INFO  as seed0 finish
2023-09-23 Saturday 17:39:03  run.py : INFO  as seed1 begin
2023-09-24 Sunday 01:13:42  run.py : INFO  as seed1 finish
2023-09-24 Sunday 01:13:42  run.py : INFO  as seed2 begin
2023-09-24 Sunday 05:53:45  run.py : INFO  as seed2 finish
2023-09-24 Sunday 05:53:45  run.py : INFO  as seed3 begin
2023-09-24 Sunday 10:30:20  run.py : INFO  as seed3 finish
2023-09-24 Sunday 10:30:20  run.py : INFO  as seed4 begin
2023-09-25 Monday 00:34:09  run.py : INFO  as seed0 finish
2023-09-25 Monday 00:34:09  run.py : INFO  as seed0 begin
2023-09-25 Monday 13:53:48  run.py : INFO  as seed0 finish
2023-09-25 Monday 13:53:48  run.py : INFO  as seed1 begin
2023-09-25 Monday 17:13:21  run.py : INFO  as seed4 finish
2023-09-25 Monday 17:13:21  run.py : INFO  as seed0 begin
2023-09-25 Monday 19:01:26  run.py : INFO  as seed0 finish
2023-09-25 Monday 19:01:26  run.py : INFO  as seed0 begin
2023-09-26 Tuesday 15:53:02  run_dynamics.py : INFO  as seed1 finish
2023-09-26 Tuesday 15:53:02  run_dynamics.py : INFO  as seed2 begin
2023-09-26 Tuesday 17:18:10  run_dynamics.py : INFO  as seed1 finish
2023-09-26 Tuesday 17:18:10  run_dynamics.py : INFO  as seed2 begin
2023-09-28 Thursday 00:39:14  run.py : INFO  as seed0 finish
2023-09-28 Thursday 00:39:14  run.py : INFO  as seed1 begin
2023-09-28 Thursday 09:16:28  run.py : INFO  as seed1 finish
2023-09-28 Thursday 09:16:28  run.py : INFO  as seed2 begin
2023-09-28 Thursday 10:03:43  run_dynamics.py : INFO  as seed1 finish
2023-09-28 Thursday 10:03:43  run_dynamics.py : INFO  as seed2 begin
2023-09-28 Thursday 10:22:50  run_dynamics.py : INFO  as seed1 finish
2023-09-28 Thursday 10:22:50  run_dynamics.py : INFO  as seed2 begin
2023-09-28 Thursday 11:07:58  run_dynamics.py : INFO  as seed1 finish
2023-09-28 Thursday 11:07:58  run_dynamics.py : INFO  as seed2 begin
2023-09-28 Thursday 21:05:47  run.py : INFO  as seed2 finish
2023-09-28 Thursday 21:05:47  run.py : INFO  as seed3 begin
2023-09-29 Friday 15:53:59  run.py : INFO  as seed3 finish
2023-09-29 Friday 15:53:59  run.py : INFO  as seed4 begin
2023-09-29 Friday 22:20:55  run.py : INFO  as seed4 finish
2023-09-29 Friday 22:20:55  run.py : INFO  as seed0 begin
2023-09-30 Saturday 00:40:08  run_dynamics.py : INFO  as seed2 finish
2023-09-30 Saturday 00:40:08  run_dynamics.py : INFO  as seed3 begin
2023-09-30 Saturday 00:40:08  run_dynamics.py : INFO  as seed3 finish
2023-09-30 Saturday 00:40:08  run_dynamics.py : INFO  as seed4 begin
2023-09-30 Saturday 00:40:08  run_dynamics.py : INFO  as seed4 finish
2023-09-30 Saturday 00:41:06  run_dynamics.py : INFO  as seed2 finish
2023-09-30 Saturday 00:41:06  run_dynamics.py : INFO  as seed3 begin
2023-09-30 Saturday 00:41:08  run_dynamics.py : INFO  as seed2 finish
2023-09-30 Saturday 00:41:08  run_dynamics.py : INFO  as seed3 begin
2023-09-30 Saturday 00:41:09  run_dynamics.py : INFO  as seed3 finish
2023-09-30 Saturday 00:41:09  run_dynamics.py : INFO  as seed4 begin
2023-09-30 Saturday 00:41:10  run_dynamics.py : INFO  as seed4 finish
2023-09-30 Saturday 00:43:40  run_dynamics.py : INFO  as seed3 finish
2023-09-30 Saturday 00:43:40  run_dynamics.py : INFO  as seed4 begin
2023-09-30 Saturday 00:43:41  run_dynamics.py : INFO  as seed4 finish
2023-09-30 Saturday 00:44:52  run_dynamics.py : INFO  as seed2 finish
2023-09-30 Saturday 00:44:52  run_dynamics.py : INFO  as seed3 begin
2023-09-30 Saturday 00:44:53  run_dynamics.py : INFO  as seed3 finish
2023-09-30 Saturday 00:44:53  run_dynamics.py : INFO  as seed4 begin
2023-09-30 Saturday 00:44:53  run_dynamics.py : INFO  as seed4 finish
2023-09-30 Saturday 00:44:58  run_dynamics.py : INFO  as seed2 finish
2023-09-30 Saturday 00:44:58  run_dynamics.py : INFO  as seed3 begin
2023-09-30 Saturday 00:45:00  run_dynamics.py : INFO  as seed3 finish
2023-09-30 Saturday 00:45:00  run_dynamics.py : INFO  as seed4 begin
2023-09-30 Saturday 03:27:17  run.py : INFO  as seed0 finish
2023-09-30 Saturday 03:27:17  run.py : INFO  as seed0 begin
2023-09-30 Saturday 10:58:01  run.py : INFO  as seed0 finish
2023-09-30 Saturday 10:58:01  run.py : INFO  as seed1 begin
2023-09-30 Saturday 15:33:10  run.py : INFO  as seed1 finish
2023-09-30 Saturday 15:33:10  run.py : INFO  as seed2 begin
2023-10-01 Sunday 12:35:37  run.py : INFO  as seed2 finish
2023-10-01 Sunday 12:35:37  run.py : INFO  as seed3 begin
2023-10-01 Sunday 14:14:59  run.py : INFO  as seed3 finish
2023-10-01 Sunday 14:14:59  run.py : INFO  as seed4 begin
2023-10-01 Sunday 19:13:16  run.py : INFO  as seed4 finish
2023-10-01 Sunday 19:13:16  run.py : INFO  as seed0 begin
2023-10-02 Monday 01:22:36  run.py : INFO  as seed0 finish
2023-10-02 Monday 01:22:36  run.py : INFO  as seed1 begin
2023-10-02 Monday 17:36:55  run.py : INFO  as seed1 finish
2023-10-02 Monday 17:36:55  run.py : INFO  as seed2 begin
2023-10-04 Wednesday 10:18:38  run.py : INFO  as seed2 finish
2023-10-04 Wednesday 10:18:38  run.py : INFO  as seed3 begin
2023-10-05 Thursday 04:04:44  run.py : INFO  as seed3 finish
2023-10-05 Thursday 04:04:44  run.py : INFO  as seed4 begin
2023-10-05 Thursday 09:34:31  run.py : INFO  as seed4 finish
2023-10-25 Wednesday 08:52:37  run.py : INFO  as seed1 finish
2023-10-25 Wednesday 08:52:48  run.py : INFO  as seed0 finish
2023-10-25 Wednesday 08:52:48  run.py : INFO  as seed0 begin
2023-10-25 Wednesday 08:52:48  run.py : INFO  as seed0 finish
2023-10-25 Wednesday 08:52:48  run.py : INFO  as seed0 begin
2023-10-25 Wednesday 08:52:48  run.py : INFO  as seed0 finish
2023-10-25 Wednesday 08:52:48  run.py : INFO  as seed1 begin
2023-10-25 Wednesday 08:52:48  run.py : INFO  as seed1 finish
2023-10-25 Wednesday 08:52:48  run.py : INFO  as seed1 begin
2023-10-25 Wednesday 08:52:48  run.py : INFO  as seed1 finish
2023-10-25 Wednesday 08:52:48  run.py : INFO  as seed1 begin
2023-10-25 Wednesday 08:52:48  run.py : INFO  as seed1 finish
2023-10-25 Wednesday 08:52:48  run.py : INFO  as seed1 begin
2023-10-25 Wednesday 08:52:48  run.py : INFO  as seed1 finish
2023-10-25 Wednesday 08:52:48  run.py : INFO  as seed1 begin
2023-10-25 Wednesday 08:52:48  run.py : INFO  as seed1 finish
2023-10-25 Wednesday 08:52:48  run.py : INFO  as seed1 begin
2023-10-25 Wednesday 08:52:48  run.py : INFO  as seed1 finish
2023-10-25 Wednesday 08:52:48  run.py : INFO  as seed2 begin
2023-10-25 Wednesday 08:52:48  run.py : INFO  as seed2 finish
2023-10-25 Wednesday 08:52:48  run.py : INFO  as seed2 begin
2023-10-25 Wednesday 08:52:48  run.py : INFO  as seed2 finish
2023-10-25 Wednesday 08:52:48  run.py : INFO  as seed2 begin
2023-10-25 Wednesday 08:52:48  run.py : INFO  as seed2 finish
2023-10-25 Wednesday 08:52:48  run.py : INFO  as seed2 begin
2023-10-25 Wednesday 08:52:48  run.py : INFO  as seed2 finish
2023-10-25 Wednesday 08:52:48  run.py : INFO  as seed2 begin
2023-10-25 Wednesday 08:52:48  run.py : INFO  as seed2 finish
2023-10-25 Wednesday 08:52:48  run.py : INFO  as seed2 begin
2023-10-25 Wednesday 08:52:49  run.py : INFO  as seed2 finish
2023-10-25 Wednesday 08:52:49  run.py : INFO  as seed3 begin
2023-10-25 Wednesday 08:52:49  run.py : INFO  as seed3 finish
2023-10-25 Wednesday 08:52:49  run.py : INFO  as seed3 begin
2023-10-25 Wednesday 08:52:49  run.py : INFO  as seed3 finish
2023-10-25 Wednesday 08:52:49  run.py : INFO  as seed3 begin
2023-10-25 Wednesday 08:52:49  run.py : INFO  as seed3 finish
2023-10-25 Wednesday 08:52:49  run.py : INFO  as seed3 begin
2023-10-25 Wednesday 08:52:49  run.py : INFO  as seed3 finish
2023-10-25 Wednesday 08:52:49  run.py : INFO  as seed3 begin
2023-10-25 Wednesday 08:52:49  run.py : INFO  as seed3 finish
2023-10-25 Wednesday 08:52:49  run.py : INFO  as seed3 begin
2023-10-25 Wednesday 08:52:49  run.py : INFO  as seed3 finish
2023-10-25 Wednesday 08:52:49  run.py : INFO  as seed4 begin
2023-10-25 Wednesday 08:52:49  run.py : INFO  as seed4 finish
2023-10-25 Wednesday 08:52:49  run.py : INFO  as seed4 begin
2023-10-25 Wednesday 08:52:49  run.py : INFO  as seed4 finish
2023-10-25 Wednesday 08:52:49  run.py : INFO  as seed4 begin
2023-10-25 Wednesday 08:52:49  run.py : INFO  as seed4 finish
2023-10-25 Wednesday 08:52:49  run.py : INFO  as seed4 begin
2023-10-25 Wednesday 08:52:49  run.py : INFO  as seed4 finish
2023-10-25 Wednesday 08:52:49  run.py : INFO  as seed4 begin
2023-10-25 Wednesday 08:52:49  run.py : INFO  as seed4 finish
2023-10-25 Wednesday 08:52:49  run.py : INFO  as seed4 begin
2023-10-25 Wednesday 08:52:49  run.py : INFO  as seed4 finish
2023-10-25 Wednesday 23:45:15  run.py : INFO  as seed0 begin
2023-10-25 Wednesday 23:46:22  run.py : INFO  as seed0 begin
2023-10-26 Thursday 03:04:21  run.py : INFO  as seed0 finish
2023-10-26 Thursday 03:04:21  run.py : INFO  as seed1 begin
2023-10-26 Thursday 03:14:49  run.py : INFO  as seed0 begin
2023-10-26 Thursday 06:21:27  run.py : INFO  as seed1 finish
2023-10-26 Thursday 07:58:43  run.py : INFO  as seed0 begin
2023-10-26 Thursday 08:01:30  run.py : INFO  as seed0 begin
2023-10-26 Thursday 08:01:58  run.py : INFO  as seed0 begin
2023-10-26 Thursday 09:36:31  run.py : INFO  as seed0 finish
2023-10-26 Thursday 09:36:31  run.py : INFO  as seed1 begin
2023-10-26 Thursday 12:02:27  run.py : INFO  as seed1 finish
2023-10-26 Thursday 12:02:27  run.py : INFO  as seed2 begin
2023-10-26 Thursday 13:36:52  run.py : INFO  as seed2 finish
2023-10-26 Thursday 13:36:52  run.py : INFO  as seed3 begin
2023-10-26 Thursday 14:18:59  run.py : INFO  as seed3 finish
2023-10-26 Thursday 14:18:59  run.py : INFO  as seed4 begin
2023-10-26 Thursday 14:22:01  run.py : INFO  as seed0 finish
2023-10-26 Thursday 14:22:01  run.py : INFO  as seed1 begin
2023-10-26 Thursday 15:09:09  run.py : INFO  as seed4 finish
2023-10-27 Friday 04:08:06  run.py : INFO  as seed1 finish
2023-10-27 Friday 04:08:06  run.py : INFO  as seed2 begin
2023-10-27 Friday 08:44:53  run.py : INFO  as seed0 finish
2023-10-27 Friday 08:44:53  run.py : INFO  as seed1 begin
2023-10-27 Friday 13:26:36  run.py : INFO  as seed2 finish
2023-10-27 Friday 13:26:36  run.py : INFO  as seed3 begin
2023-10-27 Friday 19:32:58  run.py : INFO  as seed3 finish
2023-10-27 Friday 19:32:58  run.py : INFO  as seed4 begin
2023-10-27 Friday 21:23:59  run.py : INFO  as seed4 finish
2023-10-28 Saturday 06:44:20  run.py : INFO  as seed0 begin
2023-10-28 Saturday 06:44:57  run.py : INFO  as seed0 begin
2023-10-28 Saturday 06:45:37  run.py : INFO  as seed0 begin
2023-10-28 Saturday 06:51:38  run.py : INFO  as seed0 finish
2023-10-28 Saturday 06:51:38  run.py : INFO  as seed1 begin
2023-10-28 Saturday 06:56:21  run.py : INFO  as seed1 finish
2023-10-28 Saturday 06:56:21  run.py : INFO  as seed2 begin
2023-10-28 Saturday 07:01:30  run.py : INFO  as seed2 finish
2023-10-28 Saturday 07:01:30  run.py : INFO  as seed3 begin
2023-10-28 Saturday 07:06:34  run.py : INFO  as seed3 finish
2023-10-28 Saturday 07:06:34  run.py : INFO  as seed4 begin
2023-10-28 Saturday 07:11:58  run.py : INFO  as seed4 finish
2023-10-28 Saturday 07:16:25  run.py : INFO  as seed0 begin
2023-10-28 Saturday 13:56:31  run.py : INFO  as seed0 finish
2023-10-28 Saturday 13:56:31  run.py : INFO  as seed1 begin
2023-10-28 Saturday 14:47:05  run.py : INFO  as seed0 finish
2023-10-28 Saturday 14:47:05  run.py : INFO  as seed1 begin
2023-10-28 Saturday 16:16:21  run.py : INFO  as seed1 finish
2023-10-28 Saturday 16:16:21  run.py : INFO  as seed2 begin
2023-10-28 Saturday 18:06:34  run.py : INFO  as seed0 finish
2023-10-28 Saturday 18:06:34  run.py : INFO  as seed1 begin
2023-10-28 Saturday 20:48:16  run.py : INFO  as seed2 finish
2023-10-28 Saturday 20:48:16  run.py : INFO  as seed3 begin
2023-10-28 Saturday 23:08:33  run.py : INFO  as seed3 finish
2023-10-28 Saturday 23:08:33  run.py : INFO  as seed4 begin
2023-10-28 Saturday 23:41:40  run.py : INFO  as seed1 finish
2023-10-28 Saturday 23:41:40  run.py : INFO  as seed2 begin
2023-10-29 Sunday 01:06:03  run.py : INFO  as seed1 finish
2023-10-29 Sunday 01:06:03  run.py : INFO  as seed2 begin
2023-10-29 Sunday 01:26:29  run.py : INFO  as seed4 finish
2023-10-29 Sunday 02:03:34  run.py : INFO  as seed0 begin
2023-10-29 Sunday 02:32:07  run.py : INFO  as seed0 finish
2023-10-29 Sunday 02:32:07  run.py : INFO  as seed1 begin
2023-10-29 Sunday 03:03:02  run.py : INFO  as seed1 finish
2023-10-29 Sunday 03:03:02  run.py : INFO  as seed2 begin
2023-10-29 Sunday 03:34:37  run.py : INFO  as seed2 finish
2023-10-29 Sunday 03:34:37  run.py : INFO  as seed3 begin
2023-10-29 Sunday 03:38:06  run.py : INFO  as seed2 finish
2023-10-29 Sunday 03:38:06  run.py : INFO  as seed3 begin
2023-10-29 Sunday 04:22:20  run.py : INFO  as seed3 finish
2023-10-29 Sunday 04:22:20  run.py : INFO  as seed4 begin
2023-10-29 Sunday 05:00:43  run.py : INFO  as seed4 finish
2023-10-29 Sunday 05:08:11  run.py : INFO  as seed1 finish
2023-10-29 Sunday 05:08:11  run.py : INFO  as seed2 begin
2023-10-29 Sunday 06:16:59  run.py : INFO  as seed3 finish
2023-10-29 Sunday 06:16:59  run.py : INFO  as seed4 begin
2023-10-29 Sunday 10:24:53  run.py : INFO  as seed2 finish
2023-10-29 Sunday 10:24:53  run.py : INFO  as seed3 begin
2023-10-29 Sunday 10:57:37  run.py : INFO  as seed4 finish
2023-10-29 Sunday 12:39:28  run.py : INFO  as seed3 finish
2023-10-29 Sunday 12:39:28  run.py : INFO  as seed4 begin
2023-10-29 Sunday 23:50:38  run.py : INFO  as seed2 finish
2023-10-29 Sunday 23:50:38  run.py : INFO  as seed3 begin
2023-10-30 Monday 05:48:33  run.py : INFO  as seed3 finish
2023-10-30 Monday 05:48:33  run.py : INFO  as seed4 begin
2023-10-30 Monday 13:31:53  run.py : INFO  as seed4 finish
2023-10-30 Monday 21:07:26  run.py : INFO  as seed4 finish
2023-11-05 Sunday 06:07:53  run.py : INFO  as seed0 finish
2023-11-05 Sunday 06:07:53  run.py : INFO  as seed1 begin
2023-11-05 Sunday 06:07:53  run.py : INFO  as seed1 finish
2023-11-05 Sunday 06:10:43  run.py : INFO  as seed0 begin
2023-11-05 Sunday 06:11:42  run.py : INFO  as seed0 begin
2023-11-05 Sunday 06:12:28  run.py : INFO  as seed0 begin
2023-11-05 Sunday 09:45:35  run.py : INFO  as seed0 finish
2023-11-05 Sunday 09:45:35  run.py : INFO  as seed0 begin
2023-11-06 Monday 00:55:59  run.py : INFO  as seed0 finish
2023-11-06 Monday 00:55:59  run.py : INFO  as seed0 begin
2023-11-06 Monday 22:45:59  run.py : INFO  as seed0 finish
2023-11-06 Monday 22:45:59  run.py : INFO  as seed0 begin
2023-11-07 Tuesday 03:45:17  run.py : INFO  as seed0 finish
2023-11-07 Tuesday 03:45:17  run.py : INFO  as seed0 begin
2023-11-07 Tuesday 12:48:05  run.py : INFO  as seed0 finish
2023-11-07 Tuesday 12:48:05  run.py : INFO  as seed0 begin
2023-11-07 Tuesday 16:15:42  run.py : INFO  as seed0 finish
2023-11-07 Tuesday 16:15:42  run.py : INFO  as seed0 begin
2023-11-07 Tuesday 18:49:07  run.py : INFO  as seed0 finish
2023-11-07 Tuesday 18:49:07  run.py : INFO  as seed0 begin
2023-11-08 Wednesday 17:10:38  run.py : INFO  as seed0 finish
2023-11-08 Wednesday 17:10:38  run.py : INFO  as seed1 begin
2023-11-10 Friday 01:55:05  run.py : INFO  as seed1 finish
2023-11-10 Friday 01:55:05  run.py : INFO  as seed1 begin
2023-11-10 Friday 03:02:17  run.py : INFO  as seed0 begin
2023-11-10 Friday 08:29:18  run.py : INFO  as seed1 finish
2023-11-10 Friday 08:29:18  run.py : INFO  as seed1 begin
2023-11-11 Saturday 04:13:04  run.py : INFO  as seed1 finish
2023-11-11 Saturday 04:13:04  run.py : INFO  as seed1 begin
2023-11-11 Saturday 06:25:50  run.py : INFO  as seed1 finish
2023-11-11 Saturday 06:25:50  run.py : INFO  as seed1 begin
2023-11-12 Sunday 00:59:01  run.py : INFO  as seed0 finish
2023-11-12 Sunday 00:59:01  run.py : INFO  as seed1 begin
2023-11-12 Sunday 00:59:01  run.py : INFO  as seed1 finish
2023-11-12 Sunday 00:59:01  run.py : INFO  as seed2 begin
2023-11-12 Sunday 00:59:01  run.py : INFO  as seed2 finish
2023-11-12 Sunday 12:10:55  run.py : INFO  as seed0 begin
2023-11-12 Sunday 12:11:28  run.py : INFO  as seed0 begin
2023-11-12 Sunday 12:11:56  run.py : INFO  as seed0 begin
2023-11-13 Monday 00:51:52  run.py : INFO  as seed0 finish
2023-11-13 Monday 00:51:52  run.py : INFO  as seed0 begin
2023-11-13 Monday 00:52:08  run.py : INFO  as seed0 finish
2023-11-13 Monday 00:52:08  run.py : INFO  as seed0 begin
2023-11-13 Monday 00:52:15  run.py : INFO  as seed0 finish
2023-11-13 Monday 00:52:15  run.py : INFO  as seed0 begin
2023-11-13 Monday 00:52:15  run.py : INFO  as seed0 finish
2023-11-13 Monday 00:52:15  run.py : INFO  as seed0 begin
2023-11-13 Monday 00:52:16  run.py : INFO  as seed0 finish
2023-11-13 Monday 00:52:16  run.py : INFO  as seed0 begin
2023-11-13 Monday 00:52:17  run.py : INFO  as seed0 finish
2023-11-13 Monday 00:52:17  run.py : INFO  as seed0 begin
2023-11-13 Monday 00:52:18  run.py : INFO  as seed0 finish
2023-11-13 Monday 00:52:18  run.py : INFO  as seed1 begin
2023-11-13 Monday 00:52:19  run.py : INFO  as seed1 finish
2023-11-13 Monday 00:52:19  run.py : INFO  as seed1 begin
2023-11-13 Monday 00:52:19  run.py : INFO  as seed1 finish
2023-11-13 Monday 00:52:19  run.py : INFO  as seed1 begin
2023-11-13 Monday 00:52:19  run.py : INFO  as seed1 finish
2023-11-13 Monday 00:52:19  run.py : INFO  as seed1 begin
2023-11-13 Monday 00:52:19  run.py : INFO  as seed1 finish
2023-11-13 Monday 00:52:19  run.py : INFO  as seed1 begin
2023-11-13 Monday 00:52:19  run.py : INFO  as seed1 finish
2023-11-13 Monday 00:52:19  run.py : INFO  as seed2 begin
2023-11-13 Monday 00:52:19  run.py : INFO  as seed2 finish
2023-11-13 Monday 00:52:19  run.py : INFO  as seed2 begin
2023-11-13 Monday 00:52:19  run.py : INFO  as seed2 finish
2023-11-13 Monday 00:52:19  run.py : INFO  as seed2 begin
2023-11-13 Monday 00:52:20  run.py : INFO  as seed2 finish
2023-11-13 Monday 00:52:20  run.py : INFO  as seed2 begin
2023-11-13 Monday 00:52:20  run.py : INFO  as seed2 finish
2023-11-13 Monday 00:52:20  run.py : INFO  as seed2 begin
2023-11-13 Monday 00:52:21  run.py : INFO  as seed2 finish
2023-11-13 Monday 00:52:31  run.py : INFO  as seed0 finish
2023-11-13 Monday 00:52:31  run.py : INFO  as seed0 begin
2023-11-13 Monday 00:52:31  run.py : INFO  as seed0 finish
2023-11-13 Monday 00:52:31  run.py : INFO  as seed0 begin
2023-11-13 Monday 00:52:31  run.py : INFO  as seed0 finish
2023-11-13 Monday 00:52:31  run.py : INFO  as seed0 begin
2023-11-13 Monday 00:52:31  run.py : INFO  as seed0 finish
2023-11-13 Monday 00:52:31  run.py : INFO  as seed1 begin
2023-11-13 Monday 00:52:31  run.py : INFO  as seed1 finish
2023-11-13 Monday 00:52:31  run.py : INFO  as seed1 begin
2023-11-13 Monday 00:52:31  run.py : INFO  as seed1 finish
2023-11-13 Monday 00:52:31  run.py : INFO  as seed1 begin
2023-11-13 Monday 00:52:31  run.py : INFO  as seed1 finish
2023-11-13 Monday 00:52:31  run.py : INFO  as seed1 begin
2023-11-13 Monday 00:52:31  run.py : INFO  as seed1 finish
2023-11-13 Monday 00:52:31  run.py : INFO  as seed1 begin
2023-11-13 Monday 00:52:31  run.py : INFO  as seed1 finish
2023-11-13 Monday 00:52:31  run.py : INFO  as seed2 begin
2023-11-13 Monday 00:52:31  run.py : INFO  as seed2 finish
2023-11-13 Monday 00:52:31  run.py : INFO  as seed2 begin
2023-11-13 Monday 00:52:31  run.py : INFO  as seed2 finish
2023-11-13 Monday 00:52:31  run.py : INFO  as seed2 begin
2023-11-13 Monday 00:52:31  run.py : INFO  as seed2 finish
2023-11-13 Monday 00:52:31  run.py : INFO  as seed2 begin
2023-11-13 Monday 00:52:32  run.py : INFO  as seed2 finish
2023-11-13 Monday 00:52:32  run.py : INFO  as seed2 begin
2023-11-13 Monday 00:52:32  run.py : INFO  as seed2 finish
2023-11-13 Monday 00:52:47  run.py : INFO  as seed0 finish
2023-11-13 Monday 00:52:47  run.py : INFO  as seed0 begin
2023-11-13 Monday 00:52:47  run.py : INFO  as seed0 finish
2023-11-13 Monday 00:52:47  run.py : INFO  as seed0 begin
2023-11-13 Monday 00:52:47  run.py : INFO  as seed0 finish
2023-11-13 Monday 00:52:47  run.py : INFO  as seed0 begin
2023-11-13 Monday 00:52:47  run.py : INFO  as seed0 finish
2023-11-13 Monday 00:52:47  run.py : INFO  as seed1 begin
2023-11-13 Monday 00:52:47  run.py : INFO  as seed1 finish
2023-11-13 Monday 00:52:47  run.py : INFO  as seed1 begin
2023-11-13 Monday 00:52:47  run.py : INFO  as seed1 finish
2023-11-13 Monday 00:52:47  run.py : INFO  as seed1 begin
2023-11-13 Monday 00:52:47  run.py : INFO  as seed1 finish
2023-11-13 Monday 00:52:47  run.py : INFO  as seed1 begin
2023-11-13 Monday 00:52:47  run.py : INFO  as seed1 finish
2023-11-13 Monday 00:52:47  run.py : INFO  as seed1 begin
2023-11-13 Monday 00:52:47  run.py : INFO  as seed1 finish
2023-11-13 Monday 00:52:47  run.py : INFO  as seed2 begin
2023-11-13 Monday 00:52:47  run.py : INFO  as seed2 finish
2023-11-13 Monday 00:52:47  run.py : INFO  as seed2 begin
2023-11-13 Monday 00:52:47  run.py : INFO  as seed2 finish
2023-11-13 Monday 00:52:47  run.py : INFO  as seed2 begin
2023-11-13 Monday 00:52:47  run.py : INFO  as seed2 finish
2023-11-13 Monday 00:52:47  run.py : INFO  as seed2 begin
2023-11-13 Monday 00:52:47  run.py : INFO  as seed2 finish
2023-11-13 Monday 00:52:47  run.py : INFO  as seed2 begin
2023-11-13 Monday 00:52:47  run.py : INFO  as seed2 finish
2023-11-13 Monday 00:54:13  run.py : INFO  as seed0 begin
2023-11-13 Monday 00:54:44  run.py : INFO  as seed0 begin
2023-11-13 Monday 00:55:20  run.py : INFO  as seed0 begin
2023-11-13 Monday 00:56:02  run.py : INFO  as seed0 begin
2023-11-13 Monday 01:13:59  run.py : INFO  as seed0 finish
2023-11-13 Monday 01:13:59  run.py : INFO  as seed0 begin
2023-11-13 Monday 01:14:44  run.py : INFO  as seed0 finish
2023-11-13 Monday 01:14:44  run.py : INFO  as seed0 begin
2023-11-13 Monday 01:38:55  run.py : INFO  as seed0 finish
2023-11-13 Monday 01:38:55  run.py : INFO  as seed0 begin
2023-11-13 Monday 01:44:47  run.py : INFO  as seed0 finish
2023-11-13 Monday 01:44:47  run.py : INFO  as seed0 begin
2023-11-13 Monday 02:08:38  run.py : INFO  as seed0 finish
2023-11-13 Monday 02:08:38  run.py : INFO  as seed0 begin
2023-11-13 Monday 02:10:54  run.py : INFO  as seed0 finish
2023-11-13 Monday 02:10:54  run.py : INFO  as seed0 begin
2023-11-13 Monday 02:38:19  run.py : INFO  as seed0 finish
2023-11-13 Monday 02:38:19  run.py : INFO  as seed0 begin
2023-11-13 Monday 02:39:49  run.py : INFO  as seed0 finish
2023-11-13 Monday 02:39:49  run.py : INFO  as seed0 begin
2023-11-13 Monday 04:41:42  run.py : INFO  as seed0 finish
2023-11-13 Monday 04:41:42  run.py : INFO  as seed1 begin
2023-11-13 Monday 04:54:33  run.py : INFO  as seed0 finish
2023-11-13 Monday 04:54:33  run.py : INFO  as seed1 begin
2023-11-13 Monday 05:16:05  run.py : INFO  as seed1 finish
2023-11-13 Monday 05:16:05  run.py : INFO  as seed1 begin
2023-11-13 Monday 05:26:06  run.py : INFO  as seed1 finish
2023-11-13 Monday 05:26:06  run.py : INFO  as seed1 begin
2023-11-13 Monday 05:38:23  run.py : INFO  as seed1 finish
2023-11-13 Monday 05:38:23  run.py : INFO  as seed1 begin
2023-11-13 Monday 05:55:16  run.py : INFO  as seed1 finish
2023-11-13 Monday 05:55:16  run.py : INFO  as seed1 begin
2023-11-13 Monday 06:17:25  run.py : INFO  as seed1 finish
2023-11-13 Monday 06:17:25  run.py : INFO  as seed1 begin
2023-11-13 Monday 06:55:31  run.py : INFO  as seed1 finish
2023-11-13 Monday 06:55:31  run.py : INFO  as seed1 begin
2023-11-13 Monday 07:20:46  run.py : INFO  as seed1 finish
2023-11-13 Monday 07:20:46  run.py : INFO  as seed1 begin
2023-11-13 Monday 07:21:57  run.py : INFO  as seed1 finish
2023-11-13 Monday 07:21:57  run.py : INFO  as seed1 begin
2023-11-13 Monday 08:14:23  run.py : INFO  as seed0 finish
2023-11-13 Monday 08:14:23  run.py : INFO  as seed0 begin
2023-11-13 Monday 08:45:46  run.py : INFO  as seed0 finish
2023-11-13 Monday 08:45:46  run.py : INFO  as seed0 begin
2023-11-13 Monday 08:51:42  run.py : INFO  as seed1 finish
2023-11-13 Monday 08:51:42  run.py : INFO  as seed2 begin
2023-11-13 Monday 09:13:00  run.py : INFO  as seed2 finish
2023-11-13 Monday 09:13:00  run.py : INFO  as seed2 begin
2023-11-13 Monday 09:54:24  run.py : INFO  as seed1 finish
2023-11-13 Monday 09:54:24  run.py : INFO  as seed2 begin
2023-11-13 Monday 10:15:49  run.py : INFO  as seed2 finish
2023-11-13 Monday 10:15:49  run.py : INFO  as seed2 begin
2023-11-13 Monday 10:47:14  run.py : INFO  as seed2 finish
2023-11-13 Monday 10:47:14  run.py : INFO  as seed2 begin
2023-11-13 Monday 10:49:15  run.py : INFO  as seed2 finish
2023-11-13 Monday 10:49:15  run.py : INFO  as seed2 begin
2023-11-13 Monday 11:14:36  run.py : INFO  as seed2 finish
2023-11-13 Monday 11:14:36  run.py : INFO  as seed2 begin
2023-11-13 Monday 11:35:01  run.py : INFO  as seed2 finish
2023-11-13 Monday 11:35:01  run.py : INFO  as seed2 begin
2023-11-13 Monday 12:17:02  run.py : INFO  as seed2 finish
2023-11-13 Monday 12:17:02  run.py : INFO  as seed2 begin
2023-11-13 Monday 12:17:29  run.py : INFO  as seed2 finish
2023-11-13 Monday 12:17:29  run.py : INFO  as seed2 begin
2023-11-13 Monday 13:10:52  run.py : INFO  as seed2 finish
2023-11-13 Monday 13:20:16  run.py : INFO  as seed2 finish
2023-11-13 Monday 18:09:48  run.py : INFO  as seed0 finish
2023-11-13 Monday 18:09:48  run.py : INFO  as seed0 begin
2023-11-13 Monday 22:43:53  run.py : INFO  as seed0 finish
2023-11-13 Monday 22:43:53  run.py : INFO  as seed0 begin
2023-11-14 Tuesday 00:11:17  run.py : INFO  as seed0 finish
2023-11-14 Tuesday 00:11:17  run.py : INFO  as seed0 begin
2023-11-14 Tuesday 00:11:17  run.py : INFO  as seed0 finish
2023-11-14 Tuesday 00:11:17  run.py : INFO  as seed0 begin
2023-11-14 Tuesday 00:11:18  run.py : INFO  as seed0 finish
2023-11-14 Tuesday 00:11:18  run.py : INFO  as seed1 begin
2023-11-14 Tuesday 00:11:18  run.py : INFO  as seed1 finish
2023-11-14 Tuesday 00:11:18  run.py : INFO  as seed1 begin
2023-11-14 Tuesday 00:11:18  run.py : INFO  as seed1 finish
2023-11-14 Tuesday 00:11:18  run.py : INFO  as seed1 begin
2023-11-14 Tuesday 00:11:18  run.py : INFO  as seed1 finish
2023-11-14 Tuesday 00:11:18  run.py : INFO  as seed1 begin
2023-11-14 Tuesday 00:11:19  run.py : INFO  as seed1 finish
2023-11-14 Tuesday 00:11:19  run.py : INFO  as seed1 begin
2023-11-14 Tuesday 00:11:19  run.py : INFO  as seed1 finish
2023-11-14 Tuesday 00:11:19  run.py : INFO  as seed2 begin
2023-11-14 Tuesday 00:11:20  run.py : INFO  as seed2 finish
2023-11-14 Tuesday 00:11:20  run.py : INFO  as seed2 begin
2023-11-14 Tuesday 00:11:20  run.py : INFO  as seed2 finish
2023-11-14 Tuesday 00:11:20  run.py : INFO  as seed2 begin
2023-11-14 Tuesday 00:11:20  run.py : INFO  as seed2 finish
2023-11-14 Tuesday 00:11:20  run.py : INFO  as seed2 begin
2023-11-14 Tuesday 00:11:20  run.py : INFO  as seed2 finish
2023-11-14 Tuesday 00:11:20  run.py : INFO  as seed2 begin
2023-11-14 Tuesday 00:11:20  run.py : INFO  as seed2 finish
2023-11-14 Tuesday 00:12:05  run.py : INFO  as seed0 finish
2023-11-14 Tuesday 00:12:05  run.py : INFO  as seed0 begin
2023-11-14 Tuesday 00:12:06  run.py : INFO  as seed0 finish
2023-11-14 Tuesday 00:12:06  run.py : INFO  as seed0 begin
2023-11-14 Tuesday 00:12:07  run.py : INFO  as seed0 finish
2023-11-14 Tuesday 00:12:07  run.py : INFO  as seed1 begin
2023-11-14 Tuesday 00:12:07  run.py : INFO  as seed1 finish
2023-11-14 Tuesday 00:12:07  run.py : INFO  as seed1 begin
2023-11-14 Tuesday 00:12:07  run.py : INFO  as seed1 finish
2023-11-14 Tuesday 00:12:07  run.py : INFO  as seed1 begin
2023-11-14 Tuesday 00:12:07  run.py : INFO  as seed1 finish
2023-11-14 Tuesday 00:12:07  run.py : INFO  as seed1 begin
2023-11-14 Tuesday 00:12:07  run.py : INFO  as seed1 finish
2023-11-14 Tuesday 00:12:07  run.py : INFO  as seed1 begin
2023-11-14 Tuesday 00:12:07  run.py : INFO  as seed1 finish
2023-11-14 Tuesday 00:12:07  run.py : INFO  as seed2 begin
2023-11-14 Tuesday 00:12:07  run.py : INFO  as seed2 finish
2023-11-14 Tuesday 00:12:07  run.py : INFO  as seed2 begin
2023-11-14 Tuesday 00:12:07  run.py : INFO  as seed2 finish
2023-11-14 Tuesday 00:12:07  run.py : INFO  as seed2 begin
2023-11-14 Tuesday 00:12:07  run.py : INFO  as seed2 finish
2023-11-14 Tuesday 00:12:07  run.py : INFO  as seed2 begin
2023-11-14 Tuesday 00:12:07  run.py : INFO  as seed2 finish
2023-11-14 Tuesday 00:12:07  run.py : INFO  as seed2 begin
2023-11-14 Tuesday 00:12:07  run.py : INFO  as seed2 finish
2023-11-14 Tuesday 01:46:19  run.py : INFO  as seed0 begin
2023-11-14 Tuesday 02:22:46  run.py : INFO  as seed0 begin
2023-11-14 Tuesday 02:23:18  run.py : INFO  as seed0 begin
2023-11-14 Tuesday 02:23:41  run.py : INFO  as seed0 begin
2023-11-14 Tuesday 02:33:45  run.py : INFO  as seed0 finish
2023-11-14 Tuesday 02:33:45  run.py : INFO  as seed1 begin
2023-11-14 Tuesday 02:52:59  run.py : INFO  as seed1 finish
2023-11-14 Tuesday 02:52:59  run.py : INFO  as seed2 begin
2023-11-14 Tuesday 03:05:25  run.py : INFO  as seed0 finish
2023-11-14 Tuesday 03:05:25  run.py : INFO  as seed1 begin
2023-11-14 Tuesday 03:18:26  run.py : INFO  as seed2 finish
2023-11-14 Tuesday 03:18:26  run.py : INFO  as seed3 begin
2023-11-14 Tuesday 03:33:09  run.py : INFO  as seed3 finish
2023-11-14 Tuesday 03:33:09  run.py : INFO  as seed4 begin
2023-11-14 Tuesday 03:48:20  run.py : INFO  as seed0 finish
2023-11-14 Tuesday 03:48:20  run.py : INFO  as seed1 begin
2023-11-14 Tuesday 03:51:31  run.py : INFO  as seed4 finish
2023-11-14 Tuesday 03:51:31  run.py : INFO  as seed5 begin
2023-11-14 Tuesday 04:10:16  run.py : INFO  as seed5 finish
2023-11-14 Tuesday 04:10:16  run.py : INFO  as seed6 begin
2023-11-14 Tuesday 04:25:18  run.py : INFO  as seed1 finish
2023-11-14 Tuesday 04:25:18  run.py : INFO  as seed2 begin
2023-11-14 Tuesday 04:27:24  run.py : INFO  as seed6 finish
2023-11-14 Tuesday 04:27:24  run.py : INFO  as seed7 begin
2023-11-14 Tuesday 04:34:28  run.py : INFO  as seed7 finish
2023-11-14 Tuesday 04:34:28  run.py : INFO  as seed8 begin
2023-11-14 Tuesday 04:39:46  run.py : INFO  as seed1 finish
2023-11-14 Tuesday 04:39:46  run.py : INFO  as seed2 begin
2023-11-14 Tuesday 04:48:55  run.py : INFO  as seed8 finish
2023-11-14 Tuesday 04:48:55  run.py : INFO  as seed9 begin
2023-11-14 Tuesday 04:55:43  run.py : INFO  as seed2 finish
2023-11-14 Tuesday 04:55:43  run.py : INFO  as seed3 begin
2023-11-14 Tuesday 04:55:50  run.py : INFO  as seed9 finish
2023-11-14 Tuesday 04:55:50  run.py : INFO  as seed10 begin
2023-11-14 Tuesday 05:09:38  run.py : INFO  as seed10 finish
2023-11-14 Tuesday 05:09:38  run.py : INFO  as seed11 begin
2023-11-14 Tuesday 05:12:42  run.py : INFO  as seed3 finish
2023-11-14 Tuesday 05:12:42  run.py : INFO  as seed4 begin
2023-11-14 Tuesday 05:21:25  run.py : INFO  as seed11 finish
2023-11-14 Tuesday 05:21:25  run.py : INFO  as seed12 begin
2023-11-14 Tuesday 05:35:04  run.py : INFO  as seed4 finish
2023-11-14 Tuesday 05:35:04  run.py : INFO  as seed5 begin
2023-11-14 Tuesday 05:38:42  run.py : INFO  as seed12 finish
2023-11-14 Tuesday 05:38:42  run.py : INFO  as seed13 begin
2023-11-14 Tuesday 05:51:53  run.py : INFO  as seed13 finish
2023-11-14 Tuesday 05:51:53  run.py : INFO  as seed14 begin
2023-11-14 Tuesday 05:57:07  run.py : INFO  as seed5 finish
2023-11-14 Tuesday 05:57:07  run.py : INFO  as seed6 begin
2023-11-14 Tuesday 06:08:11  run.py : INFO  as seed14 finish
2023-11-14 Tuesday 06:08:11  run.py : INFO  as seed15 begin
2023-11-14 Tuesday 06:10:35  run.py : INFO  as seed15 finish
2023-11-14 Tuesday 06:10:35  run.py : INFO  as seed16 begin
2023-11-14 Tuesday 06:30:20  run.py : INFO  as seed6 finish
2023-11-14 Tuesday 06:30:20  run.py : INFO  as seed7 begin
2023-11-14 Tuesday 06:38:25  run.py : INFO  as seed16 finish
2023-11-14 Tuesday 06:38:25  run.py : INFO  as seed17 begin
2023-11-14 Tuesday 06:49:52  run.py : INFO  as seed17 finish
2023-11-14 Tuesday 06:49:52  run.py : INFO  as seed18 begin
2023-11-14 Tuesday 06:54:50  run.py : INFO  as seed7 finish
2023-11-14 Tuesday 06:54:50  run.py : INFO  as seed8 begin
2023-11-14 Tuesday 07:01:42  run.py : INFO  as seed18 finish
2023-11-14 Tuesday 07:01:42  run.py : INFO  as seed19 begin
2023-11-14 Tuesday 07:14:16  run.py : INFO  as seed8 finish
2023-11-14 Tuesday 07:14:16  run.py : INFO  as seed9 begin
2023-11-14 Tuesday 07:24:05  run.py : INFO  as seed19 finish
2023-11-14 Tuesday 07:33:46  run.py : INFO  as seed9 finish
2023-11-14 Tuesday 07:33:46  run.py : INFO  as seed10 begin
2023-11-14 Tuesday 08:12:31  run.py : INFO  as seed10 finish
2023-11-14 Tuesday 08:12:31  run.py : INFO  as seed11 begin
2023-11-14 Tuesday 08:50:14  run.py : INFO  as seed2 finish
2023-11-14 Tuesday 08:50:14  run.py : INFO  as seed3 begin
2023-11-14 Tuesday 09:25:09  run.py : INFO  as seed0 begin
2023-11-14 Tuesday 09:26:22  run.py : INFO  as seed11 finish
2023-11-14 Tuesday 09:26:22  run.py : INFO  as seed12 begin
2023-11-14 Tuesday 09:26:22  run.py : INFO  as seed12 finish
2023-11-14 Tuesday 09:26:22  run.py : INFO  as seed13 begin
2023-11-14 Tuesday 09:26:22  run.py : INFO  as seed13 finish
2023-11-14 Tuesday 09:26:22  run.py : INFO  as seed14 begin
2023-11-14 Tuesday 09:26:22  run.py : INFO  as seed14 finish
2023-11-14 Tuesday 09:26:22  run.py : INFO  as seed15 begin
2023-11-14 Tuesday 09:26:22  run.py : INFO  as seed15 finish
2023-11-14 Tuesday 09:26:22  run.py : INFO  as seed16 begin
2023-11-14 Tuesday 09:26:22  run.py : INFO  as seed16 finish
2023-11-14 Tuesday 09:26:22  run.py : INFO  as seed17 begin
2023-11-14 Tuesday 09:26:22  run.py : INFO  as seed17 finish
2023-11-14 Tuesday 09:26:22  run.py : INFO  as seed18 begin
2023-11-14 Tuesday 09:26:22  run.py : INFO  as seed18 finish
2023-11-14 Tuesday 09:26:22  run.py : INFO  as seed19 begin
2023-11-14 Tuesday 09:26:22  run.py : INFO  as seed19 finish
2023-11-14 Tuesday 09:26:30  run.py : INFO  as seed0 begin
2023-11-14 Tuesday 09:36:00  run.py : INFO  as seed3 finish
2023-11-14 Tuesday 09:36:00  run.py : INFO  as seed4 begin
2023-11-14 Tuesday 10:05:44  run.py : INFO  as seed0 finish
2023-11-14 Tuesday 10:05:44  run.py : INFO  as seed1 begin
2023-11-14 Tuesday 10:20:46  run.py : INFO  as seed0 finish
2023-11-14 Tuesday 10:20:46  run.py : INFO  as seed1 begin
2023-11-14 Tuesday 10:21:29  run.py : INFO  as seed1 finish
2023-11-14 Tuesday 10:21:29  run.py : INFO  as seed2 begin
2023-11-14 Tuesday 10:35:25  run.py : INFO  as seed4 finish
2023-11-14 Tuesday 10:35:25  run.py : INFO  as seed5 begin
2023-11-14 Tuesday 10:39:25  run.py : INFO  as seed2 finish
2023-11-14 Tuesday 10:39:25  run.py : INFO  as seed3 begin
2023-11-14 Tuesday 10:52:53  run.py : INFO  as seed1 finish
2023-11-14 Tuesday 10:52:53  run.py : INFO  as seed2 begin
2023-11-14 Tuesday 10:53:20  run.py : INFO  as seed3 finish
2023-11-14 Tuesday 10:53:20  run.py : INFO  as seed4 begin
2023-11-14 Tuesday 11:13:00  run.py : INFO  as seed2 finish
2023-11-14 Tuesday 11:13:00  run.py : INFO  as seed3 begin
2023-11-14 Tuesday 11:33:01  run.py : INFO  as seed3 finish
2023-11-14 Tuesday 11:33:01  run.py : INFO  as seed4 begin
2023-11-14 Tuesday 11:48:06  run.py : INFO  as seed4 finish
2023-11-14 Tuesday 11:48:06  run.py : INFO  as seed5 begin
2023-11-14 Tuesday 12:13:35  run.py : INFO  as seed5 finish
2023-11-14 Tuesday 12:13:35  run.py : INFO  as seed6 begin
2023-11-14 Tuesday 12:34:23  run.py : INFO  as seed6 finish
2023-11-14 Tuesday 12:34:23  run.py : INFO  as seed7 begin
2023-11-14 Tuesday 12:38:10  run.py : INFO  as seed5 finish
2023-11-14 Tuesday 12:38:10  run.py : INFO  as seed6 begin
2023-11-14 Tuesday 12:48:00  run.py : INFO  as seed7 finish
2023-11-14 Tuesday 12:48:00  run.py : INFO  as seed8 begin
2023-11-14 Tuesday 13:01:55  run.py : INFO  as seed8 finish
2023-11-14 Tuesday 13:01:55  run.py : INFO  as seed9 begin
2023-11-14 Tuesday 13:18:52  run.py : INFO  as seed9 finish
2023-11-14 Tuesday 13:18:52  run.py : INFO  as seed10 begin
2023-11-14 Tuesday 13:34:13  run.py : INFO  as seed10 finish
2023-11-14 Tuesday 13:34:13  run.py : INFO  as seed11 begin
2023-11-14 Tuesday 13:48:39  run.py : INFO  as seed11 finish
2023-11-14 Tuesday 13:48:39  run.py : INFO  as seed12 begin
2023-11-14 Tuesday 14:08:06  run.py : INFO  as seed12 finish
2023-11-14 Tuesday 14:08:06  run.py : INFO  as seed13 begin
2023-11-14 Tuesday 14:21:26  run.py : INFO  as seed13 finish
2023-11-14 Tuesday 14:21:26  run.py : INFO  as seed14 begin
2023-11-14 Tuesday 14:36:18  run.py : INFO  as seed14 finish
2023-11-14 Tuesday 14:36:18  run.py : INFO  as seed15 begin
2023-11-14 Tuesday 15:03:17  run.py : INFO  as seed15 finish
2023-11-14 Tuesday 15:03:17  run.py : INFO  as seed16 begin
2023-11-14 Tuesday 15:28:49  run.py : INFO  as seed16 finish
2023-11-14 Tuesday 15:28:49  run.py : INFO  as seed17 begin
2023-11-14 Tuesday 15:38:00  run.py : INFO  as seed17 finish
2023-11-14 Tuesday 15:38:00  run.py : INFO  as seed18 begin
2023-11-14 Tuesday 15:50:34  run.py : INFO  as seed18 finish
2023-11-14 Tuesday 15:50:34  run.py : INFO  as seed19 begin
2023-11-14 Tuesday 16:14:08  run.py : INFO  as seed19 finish
2023-11-15 Wednesday 02:35:14  run.py : INFO  as seed4 finish
2023-11-15 Wednesday 02:35:14  run.py : INFO  as seed5 begin
2023-11-15 Wednesday 02:35:15  run.py : INFO  as seed5 finish
2023-11-15 Wednesday 02:35:15  run.py : INFO  as seed6 begin
2023-11-15 Wednesday 02:35:15  run.py : INFO  as seed6 finish
2023-11-15 Wednesday 02:35:15  run.py : INFO  as seed7 begin
2023-11-15 Wednesday 02:35:16  run.py : INFO  as seed7 finish
2023-11-15 Wednesday 02:35:16  run.py : INFO  as seed8 begin
2023-11-15 Wednesday 02:35:16  run.py : INFO  as seed8 finish
2023-11-15 Wednesday 02:35:16  run.py : INFO  as seed9 begin
2023-11-15 Wednesday 02:35:16  run.py : INFO  as seed9 finish
2023-11-15 Wednesday 02:35:16  run.py : INFO  as seed10 begin
2023-11-15 Wednesday 02:35:17  run.py : INFO  as seed10 finish
2023-11-15 Wednesday 02:35:17  run.py : INFO  as seed11 begin
2023-11-15 Wednesday 02:35:18  run.py : INFO  as seed11 finish
2023-11-15 Wednesday 02:35:18  run.py : INFO  as seed12 begin
2023-11-15 Wednesday 02:35:18  run.py : INFO  as seed12 finish
2023-11-15 Wednesday 02:35:18  run.py : INFO  as seed13 begin
2023-11-15 Wednesday 02:35:18  run.py : INFO  as seed13 finish
2023-11-15 Wednesday 02:35:18  run.py : INFO  as seed14 begin
2023-11-15 Wednesday 02:35:18  run.py : INFO  as seed14 finish
2023-11-15 Wednesday 02:35:18  run.py : INFO  as seed15 begin
2023-11-15 Wednesday 02:35:18  run.py : INFO  as seed15 finish
2023-11-15 Wednesday 02:35:18  run.py : INFO  as seed16 begin
2023-11-15 Wednesday 02:35:18  run.py : INFO  as seed16 finish
2023-11-15 Wednesday 02:35:18  run.py : INFO  as seed17 begin
2023-11-15 Wednesday 02:35:18  run.py : INFO  as seed17 finish
2023-11-15 Wednesday 02:35:18  run.py : INFO  as seed18 begin
2023-11-15 Wednesday 02:35:18  run.py : INFO  as seed18 finish
2023-11-15 Wednesday 02:35:18  run.py : INFO  as seed19 begin
2023-11-15 Wednesday 02:35:19  run.py : INFO  as seed19 finish
2023-11-15 Wednesday 02:35:33  run.py : INFO  as seed6 finish
2023-11-15 Wednesday 02:35:33  run.py : INFO  as seed7 begin
2023-11-15 Wednesday 02:35:33  run.py : INFO  as seed7 finish
2023-11-15 Wednesday 02:35:33  run.py : INFO  as seed8 begin
2023-11-15 Wednesday 02:35:33  run.py : INFO  as seed8 finish
2023-11-15 Wednesday 02:35:33  run.py : INFO  as seed9 begin
2023-11-15 Wednesday 02:35:33  run.py : INFO  as seed9 finish
2023-11-15 Wednesday 02:35:33  run.py : INFO  as seed10 begin
2023-11-15 Wednesday 02:35:33  run.py : INFO  as seed10 finish
2023-11-15 Wednesday 02:35:33  run.py : INFO  as seed11 begin
2023-11-15 Wednesday 02:35:33  run.py : INFO  as seed11 finish
2023-11-15 Wednesday 02:35:33  run.py : INFO  as seed12 begin
2023-11-15 Wednesday 02:35:33  run.py : INFO  as seed12 finish
2023-11-15 Wednesday 02:35:33  run.py : INFO  as seed13 begin
2023-11-15 Wednesday 02:35:33  run.py : INFO  as seed13 finish
2023-11-15 Wednesday 02:35:33  run.py : INFO  as seed14 begin
2023-11-15 Wednesday 02:35:33  run.py : INFO  as seed14 finish
2023-11-15 Wednesday 02:35:33  run.py : INFO  as seed15 begin
2023-11-15 Wednesday 02:35:33  run.py : INFO  as seed15 finish
2023-11-15 Wednesday 02:35:33  run.py : INFO  as seed16 begin
2023-11-15 Wednesday 02:35:33  run.py : INFO  as seed16 finish
2023-11-15 Wednesday 02:35:33  run.py : INFO  as seed17 begin
2023-11-15 Wednesday 02:35:33  run.py : INFO  as seed17 finish
2023-11-15 Wednesday 02:35:33  run.py : INFO  as seed18 begin
2023-11-15 Wednesday 02:35:33  run.py : INFO  as seed18 finish
2023-11-15 Wednesday 02:35:33  run.py : INFO  as seed19 begin
2023-11-15 Wednesday 02:35:33  run.py : INFO  as seed19 finish
2023-11-16 Thursday 06:28:23  run.py : INFO  as seed0 begin
2023-11-16 Thursday 06:28:56  run.py : INFO  as seed0 begin
2023-11-16 Thursday 06:29:20  run.py : INFO  as seed0 begin
2023-11-16 Thursday 06:42:30  run.py : INFO  as seed0 finish
2023-11-16 Thursday 06:42:30  run.py : INFO  as seed1 begin
2023-11-16 Thursday 06:46:15  run.py : INFO  as seed0 finish
2023-11-16 Thursday 06:46:15  run.py : INFO  as seed1 begin
2023-11-16 Thursday 06:53:30  run.py : INFO  as seed0 finish
2023-11-16 Thursday 06:53:30  run.py : INFO  as seed1 begin
2023-11-16 Thursday 06:58:14  run.py : INFO  as seed1 finish
2023-11-16 Thursday 06:58:14  run.py : INFO  as seed2 begin
2023-11-16 Thursday 07:09:45  run.py : INFO  as seed2 finish
2023-11-16 Thursday 07:09:45  run.py : INFO  as seed3 begin
2023-11-16 Thursday 07:20:16  run.py : INFO  as seed3 finish
2023-11-16 Thursday 07:20:16  run.py : INFO  as seed4 begin
2023-11-16 Thursday 08:00:13  run.py : INFO  as seed4 finish
2023-11-16 Thursday 08:00:13  run.py : INFO  as seed5 begin
2023-11-16 Thursday 08:00:30  run.py : INFO  as seed1 finish
2023-11-16 Thursday 08:00:30  run.py : INFO  as seed2 begin
2023-11-16 Thursday 08:18:33  run.py : INFO  as seed5 finish
2023-11-16 Thursday 08:18:33  run.py : INFO  as seed6 begin
2023-11-16 Thursday 08:21:34  run.py : INFO  as seed1 finish
2023-11-16 Thursday 08:21:34  run.py : INFO  as seed2 begin
2023-11-16 Thursday 08:36:12  run.py : INFO  as seed2 finish
2023-11-16 Thursday 08:36:12  run.py : INFO  as seed3 begin
2023-11-16 Thursday 08:52:46  run.py : INFO  as seed2 finish
2023-11-16 Thursday 08:52:46  run.py : INFO  as seed3 begin
2023-11-16 Thursday 09:05:27  run.py : INFO  as seed3 finish
2023-11-16 Thursday 09:05:27  run.py : INFO  as seed4 begin
2023-11-16 Thursday 09:06:01  run.py : INFO  as seed0 begin
2023-11-16 Thursday 09:06:28  run.py : INFO  as seed0 begin
2023-11-16 Thursday 09:15:04  run.py : INFO  as seed3 finish
2023-11-16 Thursday 09:15:04  run.py : INFO  as seed4 begin
2023-11-16 Thursday 09:39:34  run.py : INFO  as seed4 finish
2023-11-16 Thursday 09:39:34  run.py : INFO  as seed5 begin
2023-11-16 Thursday 10:30:26  run.py : INFO  as seed4 finish
2023-11-16 Thursday 10:30:26  run.py : INFO  as seed5 begin
2023-11-16 Thursday 10:47:55  run.py : INFO  as seed5 finish
2023-11-16 Thursday 10:47:55  run.py : INFO  as seed6 begin
2023-11-16 Thursday 11:33:36  run.py : INFO  as seed6 finish
2023-11-16 Thursday 11:33:36  run.py : INFO  as seed7 begin
2023-11-16 Thursday 12:51:20  run.py : INFO  as seed7 finish
2023-11-16 Thursday 12:51:20  run.py : INFO  as seed8 begin
2023-11-16 Thursday 13:27:52  run.py : INFO  as seed8 finish
2023-11-16 Thursday 13:27:52  run.py : INFO  as seed9 begin
2023-11-16 Thursday 14:03:50  run.py : INFO  as seed0 finish
2023-11-16 Thursday 14:03:50  run.py : INFO  as seed1 begin
2023-11-17 Friday 03:30:17  run.py : INFO  as seed0 finish
2023-11-17 Friday 03:30:17  run.py : INFO  as seed1 begin
2023-12-04 Monday 09:52:54  run.py : INFO  as seed0 finish
2023-12-04 Monday 09:52:54  run.py : INFO  as seed1 begin
2023-12-05 Tuesday 01:51:18  run.py : INFO  as seed1 finish
2023-12-05 Tuesday 01:51:18  run.py : INFO  as seed2 begin
2023-12-05 Tuesday 01:51:18  run.py : INFO  as seed2 finish
2023-12-05 Tuesday 01:51:18  run.py : INFO  as seed3 begin
2023-12-05 Tuesday 01:51:18  run.py : INFO  as seed3 finish
2023-12-05 Tuesday 01:51:18  run.py : INFO  as seed4 begin
2023-12-05 Tuesday 01:51:18  run.py : INFO  as seed4 finish
2023-12-05 Tuesday 01:51:18  run.py : INFO  as seed5 begin
2023-12-05 Tuesday 01:51:18  run.py : INFO  as seed5 finish
2023-12-05 Tuesday 01:51:18  run.py : INFO  as seed6 begin
2023-12-05 Tuesday 01:51:18  run.py : INFO  as seed6 finish
2023-12-05 Tuesday 01:51:18  run.py : INFO  as seed7 begin
2023-12-05 Tuesday 01:51:18  run.py : INFO  as seed7 finish
2023-12-05 Tuesday 01:51:18  run.py : INFO  as seed8 begin
2023-12-05 Tuesday 01:51:18  run.py : INFO  as seed8 finish
2023-12-05 Tuesday 01:51:18  run.py : INFO  as seed9 begin
2023-12-05 Tuesday 01:51:18  run.py : INFO  as seed9 finish
2023-12-05 Tuesday 01:53:38  run.py : INFO  as seed9 finish
2023-12-05 Tuesday 01:53:38  run.py : INFO  as seed10 begin
2023-12-05 Tuesday 01:53:38  run.py : INFO  as seed10 finish
2023-12-05 Tuesday 01:53:38  run.py : INFO  as seed11 begin
2023-12-05 Tuesday 01:53:39  run.py : INFO  as seed11 finish
2023-12-05 Tuesday 01:53:39  run.py : INFO  as seed12 begin
2023-12-05 Tuesday 01:53:39  run.py : INFO  as seed12 finish
2023-12-05 Tuesday 01:53:39  run.py : INFO  as seed13 begin
2023-12-05 Tuesday 01:53:39  run.py : INFO  as seed13 finish
2023-12-05 Tuesday 01:53:39  run.py : INFO  as seed14 begin
2023-12-05 Tuesday 01:53:39  run.py : INFO  as seed14 finish
2023-12-05 Tuesday 01:53:39  run.py : INFO  as seed15 begin
2023-12-05 Tuesday 01:53:40  run.py : INFO  as seed15 finish
2023-12-05 Tuesday 01:53:40  run.py : INFO  as seed16 begin
2023-12-05 Tuesday 01:53:40  run.py : INFO  as seed16 finish
2023-12-05 Tuesday 01:53:40  run.py : INFO  as seed17 begin
2023-12-05 Tuesday 01:53:40  run.py : INFO  as seed17 finish
2023-12-05 Tuesday 01:53:40  run.py : INFO  as seed18 begin
2023-12-05 Tuesday 01:53:40  run.py : INFO  as seed18 finish
2023-12-05 Tuesday 01:53:40  run.py : INFO  as seed19 begin
2023-12-05 Tuesday 01:53:40  run.py : INFO  as seed19 finish
2023-12-05 Tuesday 01:53:58  run.py : INFO  as seed1 finish
2023-12-05 Tuesday 01:53:58  run.py : INFO  as seed2 begin
2023-12-05 Tuesday 01:53:58  run.py : INFO  as seed2 finish
2023-12-05 Tuesday 01:54:20  run.py : INFO  as seed6 finish
2023-12-05 Tuesday 01:54:20  run.py : INFO  as seed7 begin
2023-12-05 Tuesday 01:54:20  run.py : INFO  as seed7 finish
2023-12-05 Tuesday 01:54:20  run.py : INFO  as seed8 begin
2023-12-05 Tuesday 01:54:20  run.py : INFO  as seed8 finish
2023-12-05 Tuesday 01:54:20  run.py : INFO  as seed9 begin
2023-12-05 Tuesday 01:54:20  run.py : INFO  as seed9 finish
2023-12-05 Tuesday 01:54:20  run.py : INFO  as seed10 begin
2023-12-05 Tuesday 01:54:20  run.py : INFO  as seed10 finish
2023-12-05 Tuesday 01:54:20  run.py : INFO  as seed11 begin
2023-12-05 Tuesday 01:54:20  run.py : INFO  as seed11 finish
2023-12-05 Tuesday 01:54:20  run.py : INFO  as seed12 begin
2023-12-05 Tuesday 01:54:20  run.py : INFO  as seed12 finish
2023-12-05 Tuesday 01:54:20  run.py : INFO  as seed13 begin
2023-12-05 Tuesday 01:54:20  run.py : INFO  as seed13 finish
2023-12-05 Tuesday 01:54:20  run.py : INFO  as seed14 begin
2023-12-05 Tuesday 01:54:20  run.py : INFO  as seed14 finish
2023-12-05 Tuesday 01:54:20  run.py : INFO  as seed15 begin
2023-12-05 Tuesday 01:54:20  run.py : INFO  as seed15 finish
2023-12-05 Tuesday 01:54:20  run.py : INFO  as seed16 begin
2023-12-05 Tuesday 01:54:20  run.py : INFO  as seed16 finish
2023-12-05 Tuesday 01:54:20  run.py : INFO  as seed17 begin
2023-12-05 Tuesday 01:54:20  run.py : INFO  as seed17 finish
2023-12-05 Tuesday 01:54:20  run.py : INFO  as seed18 begin
2023-12-05 Tuesday 01:54:20  run.py : INFO  as seed18 finish
2023-12-05 Tuesday 01:54:20  run.py : INFO  as seed19 begin
2023-12-05 Tuesday 01:54:20  run.py : INFO  as seed19 finish
2023-12-05 Tuesday 01:54:40  run.py : INFO  as seed5 finish
2023-12-05 Tuesday 01:54:40  run.py : INFO  as seed6 begin
2023-12-05 Tuesday 01:54:40  run.py : INFO  as seed6 finish
2023-12-05 Tuesday 01:54:40  run.py : INFO  as seed7 begin
2023-12-05 Tuesday 01:54:40  run.py : INFO  as seed7 finish
2023-12-05 Tuesday 01:54:40  run.py : INFO  as seed8 begin
2023-12-05 Tuesday 01:54:40  run.py : INFO  as seed8 finish
2023-12-05 Tuesday 01:54:40  run.py : INFO  as seed9 begin
2023-12-05 Tuesday 01:54:40  run.py : INFO  as seed9 finish
2023-12-05 Tuesday 01:54:40  run.py : INFO  as seed10 begin
2023-12-05 Tuesday 01:54:40  run.py : INFO  as seed10 finish
2023-12-05 Tuesday 01:54:40  run.py : INFO  as seed11 begin
2023-12-05 Tuesday 01:54:40  run.py : INFO  as seed11 finish
2023-12-05 Tuesday 01:54:40  run.py : INFO  as seed12 begin
2023-12-05 Tuesday 01:54:40  run.py : INFO  as seed12 finish
2023-12-05 Tuesday 01:54:40  run.py : INFO  as seed13 begin
2023-12-05 Tuesday 01:54:40  run.py : INFO  as seed13 finish
2023-12-05 Tuesday 01:54:40  run.py : INFO  as seed14 begin
2023-12-05 Tuesday 01:54:40  run.py : INFO  as seed14 finish
2023-12-05 Tuesday 01:54:40  run.py : INFO  as seed15 begin
2023-12-05 Tuesday 01:54:40  run.py : INFO  as seed15 finish
2023-12-05 Tuesday 01:54:40  run.py : INFO  as seed16 begin
2023-12-05 Tuesday 01:54:40  run.py : INFO  as seed16 finish
2023-12-05 Tuesday 01:54:40  run.py : INFO  as seed17 begin
2023-12-05 Tuesday 01:54:40  run.py : INFO  as seed17 finish
2023-12-05 Tuesday 01:54:40  run.py : INFO  as seed18 begin
2023-12-05 Tuesday 01:54:40  run.py : INFO  as seed18 finish
2023-12-05 Tuesday 01:54:40  run.py : INFO  as seed19 begin
2023-12-05 Tuesday 01:54:40  run.py : INFO  as seed19 finish
2023-12-08 Friday 22:48:37  run.py : INFO  as seed0 begin
2023-12-08 Friday 22:48:39  run.py : INFO  as seed0 finish
2023-12-08 Friday 22:48:39  run.py : INFO  as seed1 begin
2023-12-08 Friday 22:48:42  run.py : INFO  as seed1 finish
2023-12-08 Friday 22:48:42  run.py : INFO  as seed2 begin
2023-12-08 Friday 22:48:44  run.py : INFO  as seed2 finish
2023-12-08 Friday 22:49:54  run.py : INFO  as seed0 begin
2023-12-11 Monday 02:28:56  run.py : INFO  as seed0 finish
2023-12-11 Monday 02:28:56  run.py : INFO  as seed1 begin
2023-12-11 Monday 12:19:01  run.py : INFO  as seed1 finish
2023-12-11 Monday 12:19:01  run.py : INFO  as seed2 begin
2023-12-11 Monday 12:24:11  run.py : INFO  as seed2 finish
2023-12-11 Monday 12:25:14  run.py : INFO  as seed0 begin
2023-12-12 Tuesday 00:51:09  run.py : INFO  as seed0 finish
2023-12-12 Tuesday 00:51:09  run.py : INFO  as seed1 begin
2023-12-12 Tuesday 00:51:11  run.py : INFO  as seed1 finish
2023-12-12 Tuesday 00:51:11  run.py : INFO  as seed2 begin
2023-12-12 Tuesday 00:51:11  run.py : INFO  as seed2 finish
2023-12-12 Tuesday 01:00:09  run.py : INFO  as seed0 begin
2023-12-12 Tuesday 02:05:56  run.py : INFO  as seed0 finish
2023-12-12 Tuesday 02:05:56  run.py : INFO  as seed1 begin
2023-12-12 Tuesday 02:47:41  run.py : INFO  as seed1 finish
2023-12-12 Tuesday 02:47:41  run.py : INFO  as seed2 begin
2023-12-12 Tuesday 03:32:34  run.py : INFO  as seed2 finish
2023-12-12 Tuesday 08:15:59  run.py : INFO  as seed0 begin
2023-12-12 Tuesday 08:59:09  run.py : INFO  as seed0 finish
2023-12-12 Tuesday 08:59:09  run.py : INFO  as seed1 begin
2023-12-12 Tuesday 09:36:14  run.py : INFO  as seed1 finish
2023-12-12 Tuesday 09:36:14  run.py : INFO  as seed2 begin
2023-12-12 Tuesday 10:25:11  run.py : INFO  as seed2 finish
2023-12-12 Tuesday 21:38:33  run.py : INFO  as seed0 begin
2023-12-12 Tuesday 23:40:54  run.py : INFO  as seed0 finish
2023-12-12 Tuesday 23:40:54  run.py : INFO  as seed1 begin
2023-12-13 Wednesday 02:29:11  run.py : INFO  as seed1 finish
2023-12-13 Wednesday 02:29:11  run.py : INFO  as seed2 begin
2023-12-13 Wednesday 04:05:49  run.py : INFO  as seed2 finish
2023-12-13 Wednesday 23:19:18  run.py : INFO  as seed0 begin
2023-12-14 Thursday 02:31:11  run.py : INFO  as seed0 finish
2023-12-14 Thursday 02:31:11  run.py : INFO  as seed1 begin
2023-12-14 Thursday 03:41:59  run.py : INFO  as seed1 finish
2023-12-14 Thursday 03:41:59  run.py : INFO  as seed2 begin
2023-12-14 Thursday 16:34:42  run.py : INFO  as seed2 finish
